PRT1
266
901
4 0 15 (0 1024 0 ) (0 1024 -234.528000 ) (845.837036 1024 -234.528000 ) (845.837036 1024 0 ) 
4 0 14 (0 1024 16 ) (0 1024 0 ) (64 1024 0 ) (64 1024 16 ) 
4 0 12 (64 1024 0 ) (336 1024 0 ) (336 1024 16 ) (64 1024 16 ) 
4 0 11 (336 1024 0 ) (845.837036 1024 0 ) (845.837036 1024 16 ) (336 1024 16 ) 
4 0 4 (0 1024 192 ) (0 1024 16 ) (352 1024 16 ) (352 1024 192 ) 
4 0 3 (352 1024 16 ) (845.837036 1024 16 ) (845.837036 1024 192 ) (352 1024 192 ) 
4 0 2 (845.837036 1024 1039.530029 ) (0 1024 1039.530029 ) (0 1024 192 ) (845.837036 1024 192 ) 
4 0 1 (0 1024 -234.528000 ) (0 1024 1039.530029 ) (0 1626.170166 1039.530029 ) (0 1626.170166 -234.528000 ) 
4 1 95 (-1024 1024 -234.528000 ) (-1024 1024 1039.530029 ) (-1024 1626.170166 1039.530029 ) (-1024 1626.170166 -234.528000 ) 
4 1 30 (-1024 1024 -32 ) (-1024 1024 -234.528000 ) (-64 1024 -234.528000 ) (-64 1024 -32 ) 
4 1 27 (-64 1024 1039.530029 ) (-1024 1024 1039.530029 ) (-1024 1024 -32 ) (-64 1024 -32 ) 
4 1 26 (0 1024 -234.528000 ) (0 1024 -192 ) (-64 1024 -192 ) (-64 1024 -234.528000 ) 
4 1 16 (0 1024 -192 ) (0 1024 1039.530029 ) (-64 1024 1039.530029 ) (-64 1024 -192 ) 
4 2 175 (845.837036 0 1039.530029 ) (0 0 1039.530029 ) (0 0 192 ) (845.837036 0 192 ) 
4 2 24 (0 272 192 ) (0 0 192 ) (0 0 1039.530029 ) (0 272 1039.530029 ) 
4 2 17 (0 784 192 ) (0 272 192 ) (0 272 1039.530029 ) (0 784 1039.530029 ) 
4 2 16 (0 1024 1039.530029 ) (0 1024 192 ) (0 784 192 ) (0 784 1039.530029 ) 
4 2 9 (80 144 192 ) (224 144 192 ) (224 0 192 ) (80 0 192 ) 
4 2 10 (0 0 192 ) (0 144 192 ) (64 144 192 ) (64 0 192 ) 
4 2 7 (64 272 192 ) (224 272 192 ) (224 160 192 ) (64 160 192 ) 
4 2 8 (0 144 192 ) (0 272 192 ) (64 272 192 ) (64 144 192 ) 
4 2 6 (224 272 192 ) (240 272 192 ) (240 160 192 ) (224 160 192 ) 
4 2 5 (240 272 192 ) (336 272 192 ) (336 0 192 ) (240 0 192 ) 
4 2 4 (0 288 192 ) (0 1024 192 ) (352 1024 192 ) (352 288 192 ) 
4 2 3 (352 1024 192 ) (845.837036 1024 192 ) (845.837036 0 192 ) (352 0 192 ) 
4 3 176 (845.837036 0 192 ) (352 0 192 ) (352 0 16 ) (845.837036 0 16 ) 
4 3 11 (845.837036 0 16 ) (352 0 16 ) (352 1024 16 ) (845.837036 1024 16 ) 
4 3 4 (352 1024 16 ) (352 288 16 ) (352 288 192 ) (352 1024 192 ) 
4 4 18 (0 784 16 ) (0 288 16 ) (0 288 192 ) (0 784 192 ) 
4 4 16 (0 1024 192 ) (0 1024 16 ) (0 784 16 ) (0 784 192 ) 
4 4 14 (0 288 16 ) (0 1024 16 ) (64 1024 16 ) (64 288 16 ) 
4 4 12 (64 1024 16 ) (336 1024 16 ) (336 288 16 ) (64 288 16 ) 
4 4 11 (336 1024 16 ) (352 1024 16 ) (352 288 16 ) (336 288 16 ) 
4 5 177 (336 0 192 ) (240 0 192 ) (240 0 16 ) (336 0 16 ) 
4 5 6 (240 272 192 ) (240 272 16 ) (240 160 16 ) (240 160 192 ) 
4 6 7 (224 272 192 ) (224 272 16 ) (224 160 16 ) (224 160 192 ) 
4 7 8 (64 272 192 ) (64 272 16 ) (64 160 16 ) (64 160 192 ) 
4 8 24 (0 272 16 ) (0 144 16 ) (0 144 192 ) (0 272 192 ) 
4 8 10 (0 144 16 ) (64 144 16 ) (64 144 192 ) (0 144 192 ) 
4 9 178 (224 0 192 ) (80 0 192 ) (80 0 16 ) (224 0 16 ) 
4 9 13 (224 0 16 ) (80 0 16 ) (80 144 16 ) (224 144 16 ) 
4 10 24 (0 144 16 ) (0 0 16 ) (0 0 192 ) (0 144 192 ) 
4 11 186 (845.837036 0 16 ) (336 0 16 ) (336 0 0 ) (845.837036 0 0 ) 
4 11 15 (336 1024 0 ) (845.837036 1024 0 ) (845.837036 0 0 ) (336 0 0 ) 
4 11 12 (336 1024 0 ) (336 272 0 ) (336 272 16 ) (336 1024 16 ) 
4 12 15 (64 1024 0 ) (336 1024 0 ) (336 272 0 ) (64 272 0 ) 
4 12 14 (64 1024 0 ) (64 272 0 ) (64 272 16 ) (64 1024 16 ) 
4 13 187 (240 0 16 ) (64 0 16 ) (64 0 0 ) (240 0 0 ) 
4 13 15 (240 0 0 ) (64 0 0 ) (64 160 0 ) (240 160 0 ) 
4 14 20 (0 784 0 ) (0 272 0 ) (0 272 16 ) (0 784 16 ) 
4 14 16 (0 1024 16 ) (0 1024 0 ) (0 784 0 ) (0 784 16 ) 
4 14 15 (0 272 0 ) (0 1024 0 ) (64 1024 0 ) (64 272 0 ) 
4 15 191 (845.837036 0 0 ) (0 0 0 ) (0 0 -234.528000 ) (845.837036 0 -234.528000 ) 
4 15 26 (0 1024 -192 ) (0 1024 -234.528000 ) (0 0 -234.528000 ) (0 0 -192 ) 
4 15 25 (0 272 -192 ) (0 0 -192 ) (0 0 0 ) (0 272 0 ) 
4 15 20 (0 784 -192 ) (0 272 -192 ) (0 272 0 ) (0 784 0 ) 
4 15 16 (0 1024 0 ) (0 1024 -192 ) (0 784 -192 ) (0 784 0 ) 
4 16 30 (-64 1024 -32 ) (-64 1024 -192 ) (-64 784 -192 ) (-64 784 -32 ) 
4 16 27 (-64 784 1039.530029 ) (-64 1024 1039.530029 ) (-64 1024 -32 ) (-64 784 -32 ) 
4 16 26 (-64 784 -192 ) (-64 1024 -192 ) (0 1024 -192 ) (0 784 -192 ) 
4 16 23 (-64 784 -192 ) (-40 784 -192 ) (-40 784 -144 ) (-64 784 -144 ) 
4 16 21 (-40 784 -144 ) (-40 784 16 ) (-48 784 16 ) (-48 784 -144 ) 
4 16 20 (-40 784 -192 ) (0 784 -192 ) (0 784 16 ) (-40 784 16 ) 
4 16 19 (-48 784 192 ) (-64 784 192 ) (-64 784 144 ) (-48 784 144 ) 
4 16 18 (0 784 16 ) (0 784 192 ) (-48 784 192 ) (-48 784 16 ) 
4 16 17 (0 784 192 ) (0 784 1039.530029 ) (-64 784 1039.530029 ) (-64 784 192 ) 
4 17 43 (-64 272 1039.530029 ) (-64 656 1039.530029 ) (-64 656 192 ) (-64 272 192 ) 
4 17 28 (-64 768 1039.530029 ) (-64 784 1039.530029 ) (-64 784 192 ) (-64 768 192 ) 
4 17 29 (-64 656 1039.530029 ) (-64 768 1039.530029 ) (-64 768 192 ) (-64 656 192 ) 
4 17 24 (0 272 192 ) (0 272 1039.530029 ) (-64 272 1039.530029 ) (-64 272 192 ) 
4 17 19 (-64 288 192 ) (-64 784 192 ) (-48 784 192 ) (-48 288 192 ) 
4 17 18 (-48 288 192 ) (-48 784 192 ) (0 784 192 ) (0 288 192 ) 
4 18 22 (-48 288 16 ) (-48 296 16 ) (-40 296 16 ) (-40 288 16 ) 
4 18 21 (-48 296 16 ) (-48 784 16 ) (-40 784 16 ) (-40 296 16 ) 
4 18 20 (-40 784 16 ) (0 784 16 ) (0 288 16 ) (-40 288 16 ) 
4 18 19 (-48 288 144 ) (-48 288 192 ) (-48 784 192 ) (-48 784 144 ) 
4 19 47 (-64 544 144 ) (-64 300.500000 144 ) (-64 300.500000 192 ) (-64 544 192 ) 
4 19 44 (-64 656 144 ) (-64 544 144 ) (-64 544 192 ) (-64 656 192 ) 
4 19 28 (-64 784 192 ) (-64 784 144 ) (-64 768 144 ) (-64 768 192 ) 
4 19 29 (-64 768 144 ) (-64 656 144 ) (-64 656 192 ) (-64 768 192 ) 
4 20 26 (-40 784 -192 ) (0 784 -192 ) (0 272 -192 ) (-40 272 -192 ) 
4 20 25 (-40 272 -192 ) (0 272 -192 ) (0 272 0 ) (-40 272 0 ) 
4 20 23 (-40 296 -144 ) (-40 784 -144 ) (-40 784 -192 ) (-40 296 -192 ) 
4 20 22 (-40 272 0 ) (-40 272 16 ) (-40 296 16 ) (-40 296 0 ) 
4 20 21 (-40 296 16 ) (-40 784 16 ) (-40 784 -144 ) (-40 296 -144 ) 
4 21 23 (-48 784 -144 ) (-40 784 -144 ) (-40 296 -144 ) (-48 296 -144 ) 
4 21 22 (-40 296 0 ) (-40 296 16 ) (-48 296 16 ) (-48 296 0 ) 
4 23 94 (-64 656 -192 ) (-64 296 -192 ) (-64 296 -184 ) (-64 656 -184 ) 
4 23 91 (-64 296 -184 ) (-64 296 -144 ) (-64 656 -144 ) (-64 656 -184 ) 
4 23 31 (-64 768 -192 ) (-64 656 -192 ) (-64 656 -144 ) (-64 768 -144 ) 
4 23 30 (-64 784 -144 ) (-64 784 -192 ) (-64 768 -192 ) (-64 768 -144 ) 
4 23 26 (-64 296 -192 ) (-64 784 -192 ) (-40 784 -192 ) (-40 296 -192 ) 
4 24 192 (0 0 192 ) (0 0 1039.530029 ) (-64 0 1039.530029 ) (-64 0 192 ) 
4 24 72 (-64 0 16 ) (-64 0 1039.530029 ) (-64 272 1039.530029 ) (-64 272 16 ) 
4 25 247 (0 0 -192 ) (0 0 -176 ) (-40 0 -176 ) (-40 0 -192 ) 
4 25 221 (0 0 -176 ) (0 0 0 ) (-32 0 0 ) (-32 0 -176 ) 
4 25 26 (0 0 -192 ) (-40 0 -192 ) (-40 272 -192 ) (0 272 -192 ) 
4 26 248 (-40 0 -192 ) (-64 0 -192 ) (-64 0 -234.528000 ) (-40 0 -234.528000 ) 
4 26 247 (0 0 -234.528000 ) (0 0 -192 ) (-40 0 -192 ) (-40 0 -234.528000 ) 
4 26 94 (-64 0 -234.528000 ) (-64 0 -192 ) (-64 656 -192 ) (-64 656 -234.528000 ) 
4 26 31 (-64 656 -192 ) (-64 768 -192 ) (-64 768 -234.528000 ) (-64 656 -234.528000 ) 
4 26 30 (-64 768 -192 ) (-64 1024 -192 ) (-64 1024 -234.528000 ) (-64 768 -234.528000 ) 
4 27 97 (-1024 784 1039.530029 ) (-1024 896 1039.530029 ) (-1024 896 144 ) (-1024 784 144 ) 
4 27 96 (-1024 896 1039.530029 ) (-1024 1024 1039.530029 ) (-1024 1024 -32 ) (-1024 896 -32 ) 
4 27 30 (-1024 784 -32 ) (-1024 1024 -32 ) (-64 1024 -32 ) (-64 784 -32 ) 
4 27 28 (-64 784 144 ) (-64 784 1039.530029 ) (-1024 784 1039.530029 ) (-1024 784 144 ) 
4 28 97 (-1024 768 1039.530029 ) (-1024 784 1039.530029 ) (-1024 784 144 ) (-1024 768 144 ) 
4 28 29 (-64 768 144 ) (-64 768 1039.530029 ) (-1024 768 1039.530029 ) (-1024 768 144 ) 
4 29 103 (-1024 656 -32 ) (-1024 656 192 ) (-1024 768 192 ) (-1024 768 -32 ) 
4 29 102 (-1024 656 192 ) (-1024 656 1039.530029 ) (-1024 768 1039.530029 ) (-1024 768 192 ) 
4 29 60 (-1024 656 1039.530029 ) (-1024 656 144 ) (-192 656 144 ) (-192 656 1039.530029 ) 
4 29 46 (-176 656 144 ) (-176 656 192 ) (-192 656 192 ) (-192 656 144 ) 
4 29 44 (-176 656 -32 ) (-64 656 -32 ) (-64 656 192 ) (-176 656 192 ) 
4 29 43 (-64 656 192 ) (-64 656 1039.530029 ) (-192 656 1039.530029 ) (-192 656 192 ) 
4 30 152 (-1024 768 -32 ) (-1024 880 -32 ) (-1024 880 -234.528000 ) (-1024 768 -234.528000 ) 
4 30 150 (-1024 880 -32 ) (-1024 1024 -32 ) (-1024 1024 -234.528000 ) (-1024 880 -234.528000 ) 
4 30 31 (-1024 768 -234.528000 ) (-64 768 -234.528000 ) (-64 768 -48 ) (-1024 768 -48 ) 
4 31 153 (-1024 656 -234.528000 ) (-1024 656 -48 ) (-1024 768 -48 ) (-1024 768 -234.528000 ) 
4 31 94 (-1024 656 -184 ) (-1024 656 -234.528000 ) (-64 656 -234.528000 ) (-64 656 -184 ) 
4 31 92 (-200 656 -184 ) (-176 656 -184 ) (-176 656 -144 ) (-200 656 -144 ) 
4 31 91 (-176 656 -184 ) (-64 656 -184 ) (-64 656 -144 ) (-176 656 -144 ) 
4 31 93 (-1024 656 -144 ) (-1024 656 -184 ) (-200 656 -184 ) (-200 656 -144 ) 
4 31 61 (-1024 656 -48 ) (-1024 656 -144 ) (-192 656 -144 ) (-192 656 -48 ) 
4 31 45 (-176 656 -144 ) (-64 656 -144 ) (-64 656 -48 ) (-176 656 -48 ) 
4 32 102 (-1024 272 1039.530029 ) (-1024 474.867920 1039.530029 ) (-1024 474.867920 192 ) (-1024 272 192 ) 
4 32 78 (-592 272 1039.530029 ) (-608 272 1039.530029 ) (-608 272 192 ) (-592 272 192 ) 
4 32 79 (-608 272 1039.530029 ) (-1024 272 1039.530029 ) (-1024 272 192 ) (-608 272 192 ) 
4 32 77 (-272 272 1039.530029 ) (-370.977722 272 1039.530029 ) (-370.977722 272 192 ) (-272 272 192 ) 
4 32 76 (-370.977722 272 1039.530029 ) (-592 272 1039.530029 ) (-592 272 192 ) (-370.977722 272 192 ) 
4 32 75 (-258 272 1039.530029 ) (-272 272 1039.530029 ) (-272 272 192 ) (-258 272 192 ) 
4 32 73 (-256 272 192 ) (-256 272 1039.530029 ) (-258 272 1039.530029 ) (-258 272 192 ) 
3 32 68 (-256 272 200.780823 ) (-256 272 192 ) (-456.665833 325.006073 192 ) 
5 32 63 (-256 272 1039.530029 ) (-256 272 200.780823 ) (-456.665833 325.006073 192 ) (-1024 474.867889 192 ) (-1024 474.867859 1039.530029 ) 
4 32 39 (-316.567444 288 192 ) (-258 272.529358 192 ) (-258 272.500000 192 ) (-320 288 192 ) 
4 32 38 (-317.410156 288 192 ) (-431.484650 288 192 ) (-1024 444.680359 192 ) (-1024 474.845398 192 ) 
4 32 37 (-1024 474.868896 192 ) (-316.567444 288 192 ) (-317.410156 288 192 ) (-1024 474.845398 192 ) 
3 32 35 (-608 288 192 ) (-608 334.676392 192 ) (-431.484680 288 192 ) 
4 32 36 (-608 272 192 ) (-1024 272 192 ) (-1024 444.680359 192 ) (-608 334.676392 192 ) 
4 33 161 (-1024 474.867920 -43.984222 ) (-1024 474.867920 -144 ) (-1024 444.680359 -144 ) (-1024 444.680359 -38.490414 ) 
4 33 157 (-1024 346.666656 -32 ) (-1024 409.016602 -32 ) (-1024 444.680359 -38.490414 ) (-1024 444.680359 -42.501469 ) 
5 33 156 (-1024 444.680359 -144 ) (-1024 272 -144 ) (-1024 272 -32 ) (-1024 346.666656 -32 ) (-1024 444.680359 -42.501469 ) 
3 33 114 (-1024 272 -32 ) (-1024 272 -7.064484 ) (-1024 409.016602 -32 ) 
3 33 93 (-256 272 -144 ) (-1024 272 -144 ) (-1024 474.867920 -144 ) 
4 33 89 (-1024 272 -144 ) (-592 272 -144 ) (-592 272 -6.146585 ) (-1024 272 -7.064484 ) 
4 33 88 (-370.977722 272 -144 ) (-258 272 -144 ) (-258 272 -5.436913 ) (-370.977722 272 -5.676964 ) 
4 33 87 (-592 272 -144 ) (-370.977722 272 -144 ) (-370.977722 272 -5.676964 ) (-592 272 -6.146585 ) 
4 33 85 (-258 272 -144 ) (-256 272 -144 ) (-256 272 -5.432663 ) (-258 272 -5.436913 ) 
4 33 65 (-256 272 -7.919938 ) (-256 272 -144 ) (-1024 474.867920 -144 ) (-1024 474.867920 -44.218857 ) 
3 33 42 (-1024 272 -7.064545 ) (-370.977722 272 -5.677037 ) (-1024 444.680359 -38.490475 ) 
4 33 41 (-258 272.290009 -5.489765 ) (-258 272.528107 -5.533097 ) (-1024 474.867737 -43.984241 ) (-1024 474.845398 -43.980179 ) 
3 33 34 (-258 272 -5.436987 ) (-256 272 -5.432739 ) (-258 272.528107 -5.533097 ) 
4 34 85 (-256 272 -5.432663 ) (-256 272 16 ) (-258 272 16 ) (-258 272 -5.436913 ) 
4 34 41 (-258 272.527344 -5.534180 ) (-258 272.290009 -5.490985 ) (-258 272.290009 16 ) (-258 272.527435 16 ) 
3 35 42 (-608 288 16 ) (-608 334.676392 16 ) (-431.484680 288 16 ) 
4 35 38 (-608 334.676788 174.413071 ) (-608 334.676819 192 ) (-431.483398 288 192 ) (-431.483459 288 183.282715 ) 
4 35 36 (-608 334.677734 192 ) (-608 334.677734 16 ) (-608 288 16 ) (-608 288 192 ) 
4 36 114 (-1024 444.680359 16 ) (-1024 272 16 ) (-1024 272 168.119217 ) (-1024 444.680359 149.628632 ) 
4 36 110 (-1024 272 168.119217 ) (-1024 272 192 ) (-1024 444.680359 192 ) (-1024 444.680359 149.628632 ) 
4 36 79 (-608 272 192 ) (-1024 272 192 ) (-1024 272 16 ) (-608 272 16 ) 
4 36 42 (-608 272 16 ) (-1024 272 16 ) (-1024 444.680359 16 ) (-608 334.676392 16 ) 
4 36 38 (-1024 444.680786 153.509781 ) (-1024 444.680908 192 ) (-608 334.676819 192 ) (-608 334.676788 174.413071 ) 
5 37 68 (-1024 474.867920 16 ) (-1024 474.867889 167.174362 ) (-456.665710 325.006042 192 ) (-316.571350 288 192 ) (-316.571472 288 16 ) 
3 37 63 (-1024 474.867889 167.174362 ) (-1024 474.867889 192 ) (-456.665710 325.006042 192 ) 
4 37 41 (-1024 474.870880 16 ) (-316.560303 288 16 ) (-317.410187 288 16 ) (-1024 474.845428 16 ) 
4 37 40 (-317.410187 288 16 ) (-316.571411 288 16 ) (-316.571411 288 183.526520 ) (-317.410187 288 183.524734 ) 
4 37 39 (-316.571411 288 183.526520 ) (-316.571411 288 192 ) (-317.410187 288 192 ) (-317.410187 288 183.524734 ) 
4 37 38 (-317.406250 288 183.524750 ) (-317.406250 288 192 ) (-1024 474.846375 192 ) (-1024 474.846466 148.019669 ) 
4 38 123 (-1024 474.867920 192 ) (-1024 474.867920 148.015747 ) (-1024 444.680359 153.509888 ) (-1024 444.680359 192 ) 
4 38 39 (-320 288 183.519241 ) (-317.410187 288 183.524734 ) (-317.410187 288 192 ) (-320 288 192 ) 
4 39 68 (-316.571350 288 192 ) (-258 272.528320 192 ) (-258 272.528320 186.466629 ) (-316.571350 288 183.526520 ) 
5 39 40 (-317.410187 288 183.524841 ) (-316.571411 288 183.526627 ) (-258 272.528290 186.466690 ) (-258 272.500000 186.471832 ) (-272.549377 276.137360 185.778976 ) 
4 40 68 (-258 272.528320 186.466629 ) (-258 272.528290 16 ) (-316.571472 288 16 ) (-316.571350 288 183.526520 ) 
5 40 41 (-316.560303 288 16 ) (-258 272.531250 16 ) (-258 272.500000 16 ) (-272.550690 276.137695 16 ) (-317.410187 288 16 ) 
3 41 69 (-1024 474.867920 -15.794180 ) (-1024 474.867920 8 ) (-449.242981 323.045288 8 ) 
5 41 68 (-1024 474.867920 8 ) (-1024 474.867920 16 ) (-258 272.528290 16 ) (-258 272.528290 15.917206 ) (-449.243011 323.045319 8 ) 
3 42 157 (-1024 444.680359 -38.490417 ) (-1024 409.016571 -32 ) (-1024 444.680359 -32 ) 
5 42 114 (-1024 409.016571 -32 ) (-1024 272 -7.064484 ) (-1024 272 16 ) (-1024 444.680359 16 ) (-1024 444.680359 -32 ) 
4 42 89 (-1024 272 16 ) (-1024 272 -7.064484 ) (-592 272 -6.146585 ) (-592 272 16 ) 
4 42 87 (-592 272 -6.146585 ) (-370.977722 272 -5.676964 ) (-370.977722 272 0 ) (-592 272 0 ) 
4 43 72 (-64 272 192 ) (-64 272 1039.530029 ) (-192 272 1039.530029 ) (-192 272 192 ) 
3 43 68 (-192 274.851471 200.308182 ) (-192 325 192 ) (-192 274.851471 192 ) 
4 43 66 (-192 272 192 ) (-192 272 200.780579 ) (-192 274.851471 200.308182 ) (-192 274.851471 192 ) 
5 43 63 (-192 272 200.780579 ) (-192 272 1039.530029 ) (-192 358.138000 1039.530029 ) (-192 358.138000 192 ) (-192 325 192 ) 
4 43 62 (-192 358.138000 1039.530029 ) (-192 640 1039.530029 ) (-192 640 192 ) (-192 358.138000 192 ) 
4 43 60 (-192 640 1039.530029 ) (-192 656 1039.530029 ) (-192 656 192 ) (-192 640 192 ) 
4 43 48 (-64 272 192 ) (-191 272 192 ) (-191 324 192 ) (-64 284.500031 192 ) 
4 43 47 (-191 340 192 ) (-191 544 192 ) (-64 544 192 ) (-64 300.500000 192 ) 
4 43 49 (-191 272 192 ) (-192 272 192 ) (-192 544 192 ) (-191 544 192 ) 
4 43 46 (-192 544 192 ) (-192 656 192 ) (-176 656 192 ) (-176 544 192 ) 
4 43 44 (-176 656 192 ) (-64 656 192 ) (-64 544 192 ) (-176 544 192 ) 
4 44 50 (-176 544 144 ) (-176 544 -32 ) (-64 544 -32 ) (-64 544 144 ) 
4 44 47 (-64 544 192 ) (-176 544 192 ) (-176 544 144 ) (-64 544 144 ) 
4 44 46 (-176 544 144 ) (-176 544 192 ) (-176 656 192 ) (-176 656 144 ) 
4 45 91 (-176 656 -144 ) (-64 656 -144 ) (-64 544 -144 ) (-176 544 -144 ) 
4 46 62 (-192 544 144 ) (-192 544 192 ) (-192 640 192 ) (-192 640 144 ) 
4 46 60 (-192 640 192 ) (-192 656 192 ) (-192 656 144 ) (-192 640 144 ) 
4 46 47 (-176 544 192 ) (-191 544 192 ) (-191 544 144 ) (-176 544 144 ) 
4 46 49 (-191 544 192 ) (-192 544 192 ) (-192 544 144 ) (-191 544 144 ) 
4 47 50 (-176 544 144 ) (-64 544 144 ) (-64 300.500000 144 ) (-176 335.334656 144 ) 
4 47 49 (-191 544 192 ) (-191 544 144 ) (-191 340 144 ) (-191 340 192 ) 
4 48 72 (-64 272 144 ) (-64 272 192 ) (-191 272 192 ) (-191 272 144 ) 
4 48 58 (-191 274.896027 144 ) (-191 324 144 ) (-176 319.334656 144 ) (-176 275.564362 144 ) 
4 48 57 (-176 272 144 ) (-191 272 144 ) (-191 274.896027 144 ) (-176 275.564362 144 ) 
4 48 54 (-176 275.564362 144 ) (-176 319.334656 144 ) (-64 284.500031 144 ) (-64 280.554443 144 ) 
4 48 53 (-64 272 144 ) (-176 272 144 ) (-176 275.564362 144 ) (-64 280.554443 144 ) 
4 48 49 (-191 324 144 ) (-191 272 144 ) (-191 272 192 ) (-191 324 192 ) 
4 49 72 (-191 272 192 ) (-192 272 192 ) (-192 272 144 ) (-191 272 144 ) 
4 49 68 (-192 274.851471 192 ) (-192 325 192 ) (-192 325 144 ) (-192 274.851440 144 ) 
4 49 66 (-192 272 144 ) (-192 272 192 ) (-192 274.851471 192 ) (-192 274.851440 144 ) 
3 49 63 (-192 325 192 ) (-192 358.138000 192 ) (-192 358.138000 186.510010 ) 
4 49 62 (-192 358.138000 192 ) (-192 544 192 ) (-192 544 144 ) (-192 358.138000 144 ) 
4 49 59 (-192 274.851471 144 ) (-192 325 144 ) (-191 325 144 ) (-191 274.896027 144 ) 
4 49 57 (-191 272 144 ) (-192 272 144 ) (-192 274.851471 144 ) (-191 274.896027 144 ) 
4 50 56 (-176 335.336121 0 ) (-176 335.336121 -6.343262 ) (-64 300.501404 -0.912655 ) (-64 300.501404 0 ) 
4 50 52 (-176 335.336121 -6.343262 ) (-176 335.336121 -32 ) (-64 300.501404 -32 ) (-64 300.501404 -0.912655 ) 
4 50 51 (-64 300.501282 -32 ) (-176 335.335938 -32 ) (-176 528 -32 ) (-64 528 -32 ) 
4 51 52 (-176 335.336121 -32 ) (-176 335.336121 -103.398956 ) (-64 300.501404 -116.308296 ) (-64 300.501404 -32 ) 
4 52 82 (-64 272 -126.870598 ) (-64 272 -0.168816 ) (-176 272 -4.690308 ) (-176 272 -126.870575 ) 
4 52 56 (-64 300.500000 -0.912412 ) (-176 335.334656 -6.343012 ) (-176 319.851929 -5.938943 ) (-64 284.184570 -0.486611 ) 
4 52 53 (-176 275.564362 -4.783125 ) (-176 272 -4.690102 ) (-64 272 -0.168618 ) (-64 280.554443 -0.391872 ) 
4 53 82 (-64 272 -0.168816 ) (-64 272 0 ) (-176 272 0 ) (-176 272 -4.690308 ) 
4 53 72 (-64 272 16 ) (-64 272 144 ) (-176 272 144 ) (-176 272 16 ) 
4 53 57 (-176 272 8 ) (-176 272 144 ) (-176 275.564362 144 ) (-176 275.564362 8 ) 
4 53 54 (-176 275.564453 16 ) (-176 275.564453 144 ) (-64 280.554443 144 ) (-64 280.554443 16 ) 
4 54 58 (-176 319.334656 10.130228 ) (-176 275.564362 16 ) (-176 275.564362 144 ) (-176 319.334656 144 ) 
3 54 55 (-106.427277 297.695892 13.447759 ) (-64 284.500000 15.470903 ) (-64 284.184570 15.513206 ) 
3 55 56 (-106.429955 297.696747 0 ) (-64 284.500031 0 ) (-64 284.184570 0 ) 
4 57 72 (-176 272 16 ) (-176 272 144 ) (-192 272 144 ) (-192 272 16 ) 
4 57 66 (-192 272 8 ) (-192 272 144 ) (-192 274.851471 144 ) (-192 274.851471 8 ) 
4 57 59 (-192 274.851501 16 ) (-192 274.851563 144 ) (-191 274.896118 144 ) (-191 274.896057 16 ) 
4 57 58 (-176 275.564362 144 ) (-176 275.564362 16 ) (-191 274.896057 16 ) (-191 274.896118 144 ) 
4 58 59 (-191 324 9.414955 ) (-191 274.896027 16 ) (-191 274.896027 144 ) (-191 324 144 ) 
4 59 68 (-192 274.851471 144 ) (-192 325 144 ) (-192 325 9.274887 ) (-192 274.851471 16 ) 
4 60 103 (-1024 656 192 ) (-1024 656 144 ) (-1024 640 144 ) (-1024 640 192 ) 
4 60 102 (-1024 640 1039.530029 ) (-1024 656 1039.530029 ) (-1024 656 192 ) (-1024 640 192 ) 
4 60 62 (-192 640 144 ) (-192 640 1039.530029 ) (-1024 640 1039.530029 ) (-1024 640 144 ) 
4 61 159 (-1024 656 -32 ) (-1024 656 -48.946053 ) (-1024 640 -48.528481 ) (-1024 640 -32 ) 
4 61 158 (-1024 656 -48.946053 ) (-1024 656 -144 ) (-1024 640 -144 ) (-1024 640 -48.528481 ) 
4 61 92 (-200 656 -144 ) (-192 656 -144 ) (-192 640 -144 ) (-200 640 -144 ) 
4 61 93 (-1024 656 -144 ) (-200 656 -144 ) (-200 640 -144 ) (-1024 640 -144 ) 
4 61 62 (-1024 640 -144 ) (-192 640 -144 ) (-192 640 -32 ) (-1024 640 -32 ) 
4 62 159 (-1024 640 -32 ) (-1024 640 -48.528481 ) (-1024 609.908264 -47.743141 ) (-1024 609.908264 -32 ) 
4 62 158 (-1024 640 -48.528481 ) (-1024 640 -144 ) (-1024 609.908264 -144 ) (-1024 609.908264 -47.743141 ) 
4 62 104 (-1024 640 192 ) (-1024 640 144 ) (-1024 609.908264 144 ) (-1024 609.908264 192 ) 
4 62 102 (-1024 609.908264 1039.530029 ) (-1024 640 1039.530029 ) (-1024 640 192 ) (-1024 609.908264 192 ) 
4 62 92 (-192 640 -144 ) (-192 358.138000 -144 ) (-200 360.558868 -144 ) (-200 640 -144 ) 
4 62 93 (-200 360.558868 -144 ) (-1024 609.908264 -144 ) (-1024 640 -144 ) (-200 640 -144 ) 
4 62 71 (-1024 609.907593 -47.197811 ) (-1024 609.907593 -47.743103 ) (-200 360.558167 -7.970387 ) (-200 360.558167 -5.890630 ) 
4 62 70 (-192 358.137299 -7.584244 ) (-192 358.137299 -5.489586 ) (-200 360.558167 -5.890631 ) (-200 360.558167 -7.970387 ) 
4 62 64 (-200 360.558167 -144 ) (-192 358.137299 -144 ) (-192 358.137299 -7.584244 ) (-200 360.558167 -7.970387 ) 
4 62 65 (-1024 609.907593 -144 ) (-200 360.558167 -144 ) (-200 360.558167 -7.970387 ) (-1024 609.907593 -47.743103 ) 
4 62 63 (-192 358.137299 186.510101 ) (-192 358.137299 1039.530029 ) (-1024 609.907593 1039.530029 ) (-1024 609.907593 144.802246 ) 
4 63 122 (-1024 576 150.419769 ) (-1024 474.867920 167.174316 ) (-1024 474.867920 192 ) (-1024 576 192 ) 
4 63 106 (-1024 609.908264 192 ) (-1024 609.908264 144.802185 ) (-1024 576.770203 150.292160 ) (-1024 576.770203 192 ) 
4 63 105 (-1024 576.770203 150.292160 ) (-1024 576 150.419769 ) (-1024 576 192 ) (-1024 576.770203 192 ) 
4 63 102 (-1024 474.867920 1039.530029 ) (-1024 609.908264 1039.530029 ) (-1024 609.908264 192 ) (-1024 474.867920 192 ) 
4 63 72 (-192 272 200.780579 ) (-192 272 1039.530029 ) (-256 272 1039.530029 ) (-256 272 200.780823 ) 
5 63 68 (-192 325 192 ) (-192 274.851471 200.308182 ) (-256 272 200.780823 ) (-1024 474.868256 167.174316 ) (-1024 576.770264 150.292114 ) 
4 63 66 (-192 274.851471 200.308182 ) (-192 272 200.780579 ) (-200 272 200.780609 ) (-200 274.495026 200.367264 ) 
3 63 67 (-200 272 200.780609 ) (-256 272 200.780823 ) (-200 274.495026 200.367264 ) 
4 64 92 (-192 358.138000 -144 ) (-192 335 -144 ) (-200 335 -144 ) (-200 360.558868 -144 ) 
4 64 70 (-192 358.136719 -7.584473 ) (-200 360.557587 -7.970614 ) (-200 335 -7.303564 ) (-192 335 -6.980606 ) 
4 64 65 (-200 335 -7.305253 ) (-200 360.562500 -7.972412 ) (-200 360.562469 -144 ) (-200 335 -144 ) 
4 65 158 (-1024 609.908264 -47.743134 ) (-1024 609.908264 -144 ) (-1024 474.867920 -144 ) (-1024 474.867920 -44.218857 ) 
5 65 93 (-200 272 -144 ) (-256 272 -144 ) (-1024 474.867920 -144 ) (-1024 609.908264 -144 ) (-200 360.558868 -144 ) 
4 65 84 (-256 272 -144 ) (-200 272 -144 ) (-200 272 -5.659189 ) (-256 272 -7.919922 ) 
4 65 71 (-200 360.557587 -7.970614 ) (-1024 609.906982 -47.743217 ) (-1024 589.904663 -47.221191 ) (-200 327.494904 -7.107681 ) 
4 65 67 (-255.977661 272 -7.919109 ) (-255.973877 272 -7.918930 ) (-200 272 -5.659270 ) (-200 274.495026 -5.724390 ) 
4 66 72 (-192 272 16 ) (-192 272 200.780579 ) (-200 272 200.780609 ) (-200 272 16 ) 
4 66 68 (-200 274.494934 16 ) (-200 274.494904 200.367218 ) (-192 274.851318 200.308136 ) (-192 274.851379 16 ) 
4 66 67 (-200 274.494141 200.371094 ) (-200 274.494141 8 ) (-200 272 8 ) (-200 272 200.784241 ) 
4 67 84 (-256 272 0 ) (-256 272 -7.919922 ) (-200 272 -5.659189 ) (-200 272 0 ) 
4 67 72 (-200 272 200.780609 ) (-256 272 200.780823 ) (-256 272 16 ) (-200 272 16 ) 
4 67 68 (-256 272 16 ) (-256 272 200.780762 ) (-200 274.494904 200.367218 ) (-200 274.494934 16 ) 
4 68 128 (-1024 480 8 ) (-1024 474.867920 8 ) (-1024 474.867920 144 ) (-1024 480 144 ) 
4 68 125 (-1024 576 8 ) (-1024 480 8 ) (-1024 480 144 ) (-1024 576 144 ) 
4 68 122 (-1024 474.867920 144 ) (-1024 474.867920 167.174316 ) (-1024 576 150.419769 ) (-1024 576 144 ) 
4 68 105 (-1024 576 144 ) (-1024 576 150.419769 ) (-1024 576.770264 150.292160 ) (-1024 576.770264 144 ) 
4 68 69 (-449.243164 323.045319 8 ) (-1024 474.867676 8 ) (-1024 576.770264 8 ) (-219.383820 333.286560 8 ) 
4 69 128 (-1024 474.867920 -15.794180 ) (-1024 474.867920 8 ) (-1024 480 8 ) (-1024 480 -16.482414 ) 
4 69 125 (-1024 480 8 ) (-1024 576 8 ) (-1024 576 -29.356421 ) (-1024 480 -16.482414 ) 
4 70 71 (-200 360.558838 -7.970432 ) (-200 335 -7.303396 ) (-200 335 -1.656617 ) (-200 360.558838 -5.890742 ) 
4 71 160 (-1024 609.908264 -47.197922 ) (-1024 609.908264 -47.743134 ) (-1024 589.904663 -47.221081 ) (-1024 589.904663 -43.884090 ) 
4 72 192 (-64 0 192 ) (-64 0 1039.530029 ) (-256 0 1039.530029 ) (-256 0 192 ) 
4 72 73 (-256 272 1039.530029 ) (-256 272 192 ) (-256 0 192 ) (-256 0 1039.530029 ) 
4 73 192 (-256 0 1039.530029 ) (-258 0 1039.530029 ) (-258 0 192 ) (-256 0 192 ) 
4 73 75 (-258 272 1039.530029 ) (-258 272 192 ) (-258 242.125000 192 ) (-258 242.125000 1039.530029 ) 
4 73 74 (-258 242.125000 192 ) (-258 0 192 ) (-258 0 1039.530029 ) (-258 242.125000 1039.530029 ) 
4 74 192 (-258 0 1039.530029 ) (-272 0 1039.530029 ) (-272 0 192 ) (-258 0 192 ) 
4 74 76 (-272 0 192 ) (-272 0 1039.530029 ) (-272 245.827072 1039.530029 ) (-272 245.827057 192 ) 
4 74 75 (-258 242.123596 1039.530029 ) (-258 242.123581 192 ) (-272 245.826172 192 ) (-272 245.826172 1039.530029 ) 
4 75 77 (-272 272 1039.530029 ) (-272 272 192 ) (-272 245.827057 192 ) (-272 245.827072 1039.530029 ) 
4 76 192 (-272 0 1039.530029 ) (-409 0 1039.530029 ) (-409 0 192 ) (-272 0 192 ) 
4 76 193 (-409 0 1039.530029 ) (-592 0 1039.530029 ) (-592 0 16 ) (-409 0 16 ) 
4 76 80 (-592 48 192 ) (-592 48 1039.530029 ) (-592 64 1039.530029 ) (-592 64 192 ) 
4 76 81 (-592 48 16 ) (-592 0 16 ) (-592 0 1039.530029 ) (-592 48 1039.530029 ) 
4 76 78 (-592 272 1039.530029 ) (-592 272 192 ) (-592 64 192 ) (-592 64 1039.530029 ) 
4 76 77 (-272 245.826172 1039.530029 ) (-272 245.826172 191.296692 ) (-370.980652 272 186.323059 ) (-370.980652 272 1039.530029 ) 
4 78 80 (-592 64 192 ) (-592 64 1039.530029 ) (-608 64 1039.530029 ) (-608 64 192 ) 
4 78 79 (-608 272 1039.530029 ) (-608 272 192 ) (-608 64 192 ) (-608 64 1039.530029 ) 
4 79 114 (-1024 272 168.119217 ) (-1024 272 16 ) (-1024 64 16 ) (-1024 64 190.391815 ) 
4 79 110 (-1024 272 192 ) (-1024 272 168.119217 ) (-1024 64 190.391815 ) (-1024 64 192 ) 
4 79 102 (-1024 64 1039.530029 ) (-1024 272 1039.530029 ) (-1024 272 192 ) (-1024 64 192 ) 
4 79 89 (-1024 64 16 ) (-1024 272 16 ) (-608 272 16 ) (-608 64 16 ) 
4 79 80 (-608 64 192 ) (-608 64 1039.530029 ) (-1024 64 1039.530029 ) (-1024 64 192 ) 
4 80 102 (-1024 48 1039.530029 ) (-1024 64 1039.530029 ) (-1024 64 192 ) (-1024 48 192 ) 
4 80 81 (-592 48 192 ) (-592 48 1039.530029 ) (-1024 48 1039.530029 ) (-1024 48 192 ) 
4 81 193 (-592 0 1039.530029 ) (-1024 0 1039.530029 ) (-1024 0 16 ) (-592 0 16 ) 
4 81 131 (-1024 0 16 ) (-1024 0 192 ) (-1024 48 192 ) (-1024 48 16 ) 
4 81 130 (-1024 0 192 ) (-1024 0 1039.530029 ) (-1024 48 1039.530029 ) (-1024 48 192 ) 
4 82 83 (-176 256 0 ) (-176 256 -128 ) (-64 256 -128 ) (-64 256 0 ) 
4 83 222 (-64 0 -119.529411 ) (-64 0 0 ) (-176 0 0 ) (-176 0 -119.529411 ) 
4 84 245 (-256 0 -32 ) (-256 0 -144 ) (-208 0 -144 ) (-208 0 -32 ) 
4 84 228 (-256 0 0 ) (-256 0 -32 ) (-208 0 -32 ) (-208 0 0 ) 
4 84 93 (-200 0 -144 ) (-256 0 -144 ) (-256 272 -144 ) (-200 272 -144 ) 
4 84 85 (-256 272 0 ) (-256 272 -144 ) (-256 0 -144 ) (-256 0 0 ) 
4 85 245 (-258 0 -32 ) (-258 0 -144 ) (-256 0 -144 ) (-256 0 -32 ) 
4 85 228 (-256 0 16 ) (-258 0 16 ) (-258 0 -32 ) (-256 0 -32 ) 
4 85 93 (-256 0 -144 ) (-258 0 -144 ) (-258 272 -144 ) (-256 272 -144 ) 
4 85 88 (-258 272 -5.436920 ) (-258 272 -144 ) (-258 242.125000 -144 ) (-258 242.125000 0 ) 
4 85 86 (-258 0 16 ) (-258 242.125000 16 ) (-258 242.125000 -144 ) (-258 0 -144 ) 
4 86 245 (-272 0 -32 ) (-272 0 -144 ) (-258 0 -144 ) (-258 0 -32 ) 
4 86 228 (-258 0 16 ) (-272 0 16 ) (-272 0 -32 ) (-258 0 -32 ) 
4 86 93 (-258 0 -144 ) (-272 0 -144 ) (-272 245.827057 -144 ) (-258 242.125000 -144 ) 
4 86 88 (-258 242.124023 0 ) (-258 242.124023 -144 ) (-272 245.826080 -144 ) (-272 245.826080 -0.703308 ) 
4 86 87 (-272 245.826172 0 ) (-272 245.826172 -144 ) (-272 0 -144 ) (-272 0 0 ) 
4 87 245 (-592 0 -32 ) (-592 0 -144 ) (-272 0 -144 ) (-272 0 -32 ) 
4 87 239 (-429.038452 0 -32 ) (-376.890717 0 -32 ) (-376.890686 0 0 ) (-429.038452 0 0 ) 
4 87 234 (-592 0 0 ) (-592 0 -32 ) (-429.038452 0 -32 ) (-429.038452 0 0 ) 
4 87 228 (-376.890717 0 -32 ) (-272 0 -32 ) (-272 0 0 ) (-376.890686 0 0 ) 
5 87 93 (-272 0 -144 ) (-592 0 -144 ) (-592 272 -144 ) (-370.977722 272 -144 ) (-272 245.827057 -144 ) 
4 87 90 (-592 48 -144 ) (-592 0 -144 ) (-592 0 0 ) (-592 48 0 ) 
4 87 89 (-592 272 0 ) (-592 272 -144 ) (-592 48 -144 ) (-592 48 0 ) 
4 87 88 (-272 245.826080 -144 ) (-370.981567 272 -144 ) (-370.981567 272 -5.676987 ) (-272 245.826080 -0.703299 ) 
3 88 93 (-370.977722 272 -144 ) (-258 272 -144 ) (-258 242.125000 -144 ) 
4 89 156 (-1024 272 -32 ) (-1024 272 -144 ) (-1024 48 -144 ) (-1024 48 -32 ) 
4 89 115 (-1024 48 16 ) (-1024 64 16 ) (-1024 64 -32 ) (-1024 48 -32 ) 
4 89 114 (-1024 64 16 ) (-1024 272 16 ) (-1024 272 -32 ) (-1024 64 -32 ) 
4 89 93 (-1024 48 -144 ) (-1024 272 -144 ) (-592 272 -144 ) (-592 48 -144 ) 
4 89 90 (-1024 48 -144 ) (-592 48 -144 ) (-592 48 0 ) (-1024 48 0 ) 
4 90 245 (-1024 0 -32 ) (-1024 0 -144 ) (-592 0 -144 ) (-592 0 -32 ) 
4 90 234 (-1024 0 0 ) (-1024 0 -32 ) (-592 0 -32 ) (-592 0 0 ) 
4 90 156 (-1024 0 -144 ) (-1024 0 -32 ) (-1024 48 -32 ) (-1024 48 -144 ) 
4 90 133 (-1024 0 -32 ) (-1024 0 0 ) (-1024 48 0 ) (-1024 48 -32 ) 
4 90 93 (-592 0 -144 ) (-1024 0 -144 ) (-1024 48 -144 ) (-592 48 -144 ) 
4 91 249 (-64 0 -184 ) (-64 0 -176 ) (-176 0 -176 ) (-176 0 -184 ) 
4 91 223 (-64 0 -176 ) (-64 0 -144 ) (-176 0 -144 ) (-176 0 -176 ) 
4 91 94 (-176 656 -184 ) (-64 656 -184 ) (-64 0 -184 ) (-176 0 -184 ) 
4 91 92 (-176 656 -184 ) (-176 335 -184 ) (-176 335 -144 ) (-176 656 -144 ) 
4 92 94 (-200 656 -184 ) (-176 656 -184 ) (-176 335 -184 ) (-200 335 -184 ) 
4 92 93 (-200 656 -184 ) (-200 335 -184 ) (-200 335 -144 ) (-200 656 -144 ) 
4 93 251 (-1024 0 -176 ) (-1024 0 -184 ) (-200 0 -184 ) (-200 0 -176 ) 
4 93 245 (-208 0 -144 ) (-1024 0 -144 ) (-1024 0 -176 ) (-208 0 -176 ) 
4 93 161 (-1024 444.680359 -144 ) (-1024 474.845398 -144 ) (-1024 474.845398 -184 ) (-1024 444.680359 -184 ) 
4 93 158 (-1024 474.845398 -144 ) (-1024 656 -144 ) (-1024 656 -184 ) (-1024 474.845398 -184 ) 
4 93 156 (-1024 0 -184 ) (-1024 0 -144 ) (-1024 444.680359 -144 ) (-1024 444.680359 -184 ) 
4 93 94 (-1024 0 -184 ) (-1024 656 -184 ) (-200 656 -184 ) (-200 0 -184 ) 
4 94 250 (-176 0 -184 ) (-200 0 -184 ) (-200 0 -234.528000 ) (-176 0 -234.528000 ) 
4 94 251 (-200 0 -184 ) (-1024 0 -184 ) (-1024 0 -234.528000 ) (-200 0 -234.528000 ) 
4 94 249 (-64 0 -234.528000 ) (-64 0 -184 ) (-176 0 -184 ) (-176 0 -234.528000 ) 
4 94 161 (-1024 444.680359 -184 ) (-1024 474.845398 -184 ) (-1024 474.845398 -234.528000 ) (-1024 444.680359 -234.528000 ) 
4 94 158 (-1024 474.845398 -184 ) (-1024 656 -184 ) (-1024 656 -234.528000 ) (-1024 474.845398 -234.528000 ) 
4 94 156 (-1024 0 -234.528000 ) (-1024 0 -184 ) (-1024 444.680359 -184 ) (-1024 444.680359 -234.528000 ) 
4 95 173 (-2048 1024 -234.528000 ) (-2048 1024 1039.530029 ) (-2048 1626.170166 1039.530029 ) (-2048 1626.170166 -234.528000 ) 
4 95 172 (-2048 1024 -48 ) (-2048 1024 -234.528000 ) (-1456 1024 -234.528000 ) (-1456 1024 -48 ) 
4 95 168 (-1584 1024 -32 ) (-1632 1024 -32 ) (-1632 1024 -48 ) (-1584 1024 -48 ) 
4 95 169 (-1632 1024 -32 ) (-2048 1024 -32 ) (-2048 1024 -48 ) (-1632 1024 -48 ) 
4 95 166 (-1456 1024 -32 ) (-1584 1024 -32 ) (-1584 1024 -48 ) (-1456 1024 -48 ) 
4 95 150 (-1024 1024 -234.528000 ) (-1024 1024 -32 ) (-1456 1024 -32 ) (-1456 1024 -234.528000 ) 
4 95 137 (-1472 1024 -32 ) (-1456 1024 -32 ) (-1456 1024 144 ) (-1472 1024 144 ) 
4 95 138 (-2048 1024 144 ) (-2048 1024 -32 ) (-1472 1024 -32 ) (-1472 1024 144 ) 
4 95 135 (-1456 1024 1039.530029 ) (-2048 1024 1039.530029 ) (-2048 1024 144 ) (-1456 1024 144 ) 
4 95 96 (-1024 1024 -32 ) (-1024 1024 1039.530029 ) (-1456 1024 1039.530029 ) (-1456 1024 -32 ) 
4 96 150 (-1456 896 -32 ) (-1456 1024 -32 ) (-1024 1024 -32 ) (-1024 896 -32 ) 
4 96 137 (-1456 1024 -32 ) (-1456 896 -32 ) (-1456 896 144 ) (-1456 1024 144 ) 
4 96 135 (-1456 896 144 ) (-1456 896 1039.530029 ) (-1456 1024 1039.530029 ) (-1456 1024 144 ) 
4 96 98 (-1040 896 1039.530029 ) (-1456 896 1039.530029 ) (-1456 896 144 ) (-1040 896 144 ) 
4 96 97 (-1024 896 1039.530029 ) (-1040 896 1039.530029 ) (-1040 896 144 ) (-1024 896 144 ) 
4 97 103 (-1040 768 192 ) (-1040 768 144 ) (-1024 768 144 ) (-1024 768 192 ) 
4 97 102 (-1024 768 1039.530029 ) (-1040 768 1039.530029 ) (-1040 768 192 ) (-1024 768 192 ) 
4 97 98 (-1040 896 1039.530029 ) (-1040 896 144 ) (-1040 880 144 ) (-1040 880 1039.530029 ) 
4 97 99 (-1040 880 144 ) (-1040 768 144 ) (-1040 768 1039.530029 ) (-1040 880 1039.530029 ) 
4 98 135 (-1456 880 144 ) (-1456 880 1039.530029 ) (-1456 896 1039.530029 ) (-1456 896 144 ) 
4 98 99 (-1040 880 144 ) (-1040 880 1039.530029 ) (-1456 880 1039.530029 ) (-1456 880 144 ) 
4 99 135 (-1456 768 144 ) (-1456 768 1039.530029 ) (-1456 880 1039.530029 ) (-1456 880 144 ) 
4 99 103 (-1456 768 192 ) (-1456 768 -32 ) (-1040 768 -32 ) (-1040 768 192 ) 
4 99 102 (-1040 768 1039.530029 ) (-1456 768 1039.530029 ) (-1456 768 192 ) (-1040 768 192 ) 
5 100 135 (-1456 48 192 ) (-1456 48 1039.530029 ) (-1456 496 1039.530029 ) (-1456 496 144 ) (-1456 490.916992 144 ) 
4 100 130 (-1456 48 1039.530029 ) (-1456 48 192 ) (-1376 48 192 ) (-1376 48 1039.530029 ) 
3 100 118 (-1453.142700 480 145.622223 ) (-1387.748779 113.793633 184.869736 ) (-1453.142700 480 145.183105 ) 
4 100 112 (-1456 496 143.449066 ) (-1456 496 143.907379 ) (-1453.142700 480 145.622223 ) (-1453.142700 480 145.183105 ) 
4 100 111 (-1456 496 143.907379 ) (-1456 496 192 ) (-1376 48 192 ) (-1387.748779 113.793633 184.869736 ) 
4 100 102 (-1456 496 192 ) (-1456 496 1039.530029 ) (-1376 48 1039.530029 ) (-1376 48 192 ) 
3 100 101 (-1392.362671 48 192 ) (-1456 48 192 ) (-1456 398.933411 153.968826 ) 
3 101 151 (-1456 48 -32 ) (-1456 398.933258 -32 ) (-1392.362671 48 -32 ) 
4 101 148 (-1456 398.933228 -32 ) (-1456 48 -32 ) (-1456 48 144 ) (-1456 398.933258 144 ) 
4 101 136 (-1456 48 144 ) (-1456 48 192 ) (-1456 398.933258 153.968506 ) (-1456 398.933258 144 ) 
4 101 134 (-1456 48 16 ) (-1456 48 -32 ) (-1392.362671 48 -32 ) (-1392.362671 48 16 ) 
4 101 132 (-1456 48 192 ) (-1456 48 16 ) (-1392.362671 48 16 ) (-1392.362671 48 192 ) 
4 102 135 (-1456 496 192 ) (-1456 496 1039.530029 ) (-1456 768 1039.530029 ) (-1456 768 192 ) 
4 102 130 (-1024 48 192 ) (-1024 48 1039.530029 ) (-1376 48 1039.530029 ) (-1376 48 192 ) 
4 102 123 (-1024 474.845398 192 ) (-1024 444.680389 192 ) (-1104 465.834991 192 ) (-1104 496 192 ) 
4 102 122 (-1104 576 192 ) (-1024 576 192 ) (-1024 474.845398 192 ) (-1104 496 192 ) 
4 102 124 (-1456 558.915283 192 ) (-1456 576 192 ) (-1104 576 192 ) (-1104 465.834991 192 ) 
5 102 110 (-1248 64 192 ) (-1248 496 192 ) (-1218.074463 496 192 ) (-1024 444.680389 192 ) (-1024 64 192 ) 
4 102 111 (-1248 48 192 ) (-1376 48 192 ) (-1455.998901 496 192 ) (-1248 496 192 ) 
4 102 109 (-1455.998901 496 192 ) (-1456 496.005951 192 ) (-1456 558.915283 192 ) (-1218.074463 496 192 ) 
4 102 107 (-1456 576 192 ) (-1456 640 192 ) (-1040 640 192 ) (-1040 576 192 ) 
4 102 106 (-1024 609.908264 192 ) (-1024 576.770203 192 ) (-1040 581.612000 192 ) (-1040 614.750000 192 ) 
4 102 105 (-1024 576.770203 192 ) (-1024 576 192 ) (-1040 576 192 ) (-1040 581.612000 192 ) 
4 102 104 (-1040 640 192 ) (-1024 640 192 ) (-1024 609.908264 192 ) (-1040 614.750000 192 ) 
4 102 103 (-1456 640 192 ) (-1456 768 192 ) (-1024 768 192 ) (-1024 640 192 ) 
4 103 159 (-1040 656 -32 ) (-1024 656 -32 ) (-1024 640 -32 ) (-1040 640 -32 ) 
4 103 140 (-1456 704 -32 ) (-1456 656 -32 ) (-1456 656 144 ) (-1456 704 144 ) 
4 103 135 (-1456 640 144 ) (-1456 640 192 ) (-1456 768 192 ) (-1456 768 144 ) 
4 103 107 (-1040 640 192 ) (-1456 640 192 ) (-1456 640 -32 ) (-1040 640 -32 ) 
4 103 104 (-1024 640 192 ) (-1040 640 192 ) (-1040 640 144 ) (-1024 640 144 ) 
4 104 107 (-1040 640 192 ) (-1040 640 144 ) (-1040 614.750000 144 ) (-1040 614.750000 192 ) 
4 104 106 (-1040 614.750000 192 ) (-1040 614.750000 144 ) (-1024 609.908264 144.802078 ) (-1024 609.908264 192 ) 
4 105 122 (-1024 576 192 ) (-1040 576 192 ) (-1040 576 144 ) (-1024 576 144 ) 
4 105 107 (-1040 576 144 ) (-1040 576 192 ) (-1040 581.612000 192 ) (-1040 581.612000 144 ) 
4 105 106 (-1040 581.613281 149.489807 ) (-1040 581.613281 192 ) (-1024 576.771606 192 ) (-1024 576.771606 150.291855 ) 
4 106 107 (-1040 581.612000 192 ) (-1040 614.750000 192 ) (-1040 614.750000 144 ) (-1040 581.612000 149.490021 ) 
4 107 135 (-1456 576 144 ) (-1456 576 192 ) (-1456 640 192 ) (-1456 640 144 ) 
4 107 126 (-1456 576 144 ) (-1456 576 -31.937576 ) (-1104 576 -29.834412 ) (-1104 576 144 ) 
4 107 125 (-1104 576 -29.834412 ) (-1040 576 -29.452019 ) (-1040 576 144 ) (-1104 576 144 ) 
4 107 122 (-1040 576 192 ) (-1104 576 192 ) (-1104 576 144 ) (-1040 576 144 ) 
4 107 124 (-1104 576 192 ) (-1456 576 192 ) (-1456 576 144 ) (-1104 576 144 ) 
4 107 108 (-1040 594.998291 -32 ) (-1052.282837 576 -29.525537 ) (-1456 576 -31.937723 ) (-1456 576.464355 -32 ) 
4 108 127 (-1456 576 -31.937576 ) (-1456 576 -32 ) (-1052.282715 576 -32 ) (-1052.282837 576 -29.525408 ) 
4 109 141 (-1456 544 -32 ) (-1456 496 -32 ) (-1456 496 144 ) (-1456 544 144 ) 
4 109 135 (-1456 496 144 ) (-1456 496 192 ) (-1456 558.915222 192 ) (-1456 558.915222 144 ) 
4 109 127 (-1456 558.914124 -32 ) (-1456 558.914124 -29.646297 ) (-1218.078735 496 -19.787689 ) (-1218.078735 496 -32 ) 
4 109 126 (-1456 558.914124 -29.646297 ) (-1456 558.914124 144 ) (-1218.078735 496 144 ) (-1218.078735 496 -19.787689 ) 
4 109 124 (-1456 558.914124 144 ) (-1456 558.914124 192 ) (-1218.078735 496 192 ) (-1218.078735 496 144 ) 
4 109 112 (-1296.008789 496 143.991104 ) (-1456 496 143.907455 ) (-1456 496 -32 ) (-1295.895142 496 -32 ) 
4 109 110 (-1218.074219 496 144.031860 ) (-1218.074219 496 192 ) (-1248 496 192 ) (-1248 496 144.016220 ) 
4 109 111 (-1248 496 192 ) (-1456 496 192 ) (-1456 496 143.907455 ) (-1248 496 144.016220 ) 
4 110 123 (-1104 465.833862 192 ) (-1024 444.679260 192 ) (-1024 444.679260 153.510071 ) (-1104 465.833862 149.490219 ) 
4 110 124 (-1218.078735 496 192 ) (-1104 465.833862 192 ) (-1104 465.833862 147.321686 ) (-1218.078735 496 144.031860 ) 
6 110 114 (-1157.567261 480 145.776566 ) (-1024 444.680450 149.628403 ) (-1024 64 190.391617 ) (-1226.928589 64 190.285522 ) (-1248 238.814880 171.555344 ) (-1248 480 145.729279 ) 
4 110 113 (-1248 496 144.016006 ) (-1218.074219 496 144.031647 ) (-1157.567261 480 145.776566 ) (-1248 480 145.729279 ) 
4 110 111 (-1248 496 192 ) (-1248 496 144.017090 ) (-1248 64 190.275635 ) (-1248 64 192 ) 
4 111 119 (-1248 55.969086 191.134445 ) (-1248 48 191.987778 ) (-1248.144531 48 191.987701 ) (-1248.995972 55.969067 191.133926 ) 
4 111 118 (-1248.144531 48 191.987701 ) (-1376 48 191.920853 ) (-1453.146606 480 145.622009 ) (-1294.299438 480 145.705078 ) 
3 111 117 (-1248 480 145.729279 ) (-1248 238.814697 171.555359 ) (-1277.071533 480 145.714081 ) 
4 111 113 (-1279 496 144 ) (-1248 496 144.016006 ) (-1248 480 145.729279 ) (-1277.071533 480 145.714081 ) 
5 111 112 (-1456 496 143.907242 ) (-1296.008789 496 143.990906 ) (-1294.299316 480 145.705063 ) (-1453.146606 480 145.622009 ) (-1456 495.978119 143.909576 ) 
4 112 118 (-1294.299316 480 145.706085 ) (-1453.142822 480 145.623032 ) (-1453.142822 480 -30.285721 ) (-1294.185669 480 -30.285711 ) 
4 113 124 (-1218.078735 496 144 ) (-1218.078735 496 144.031860 ) (-1157.571777 480 145.776764 ) (-1157.571777 480 144 ) 
4 113 117 (-1248 480 145.730286 ) (-1277.071533 480 145.715088 ) (-1277.071533 480 144 ) (-1248 480 144 ) 
4 113 114 (-1157.570313 480 144 ) (-1157.570313 480 145.777573 ) (-1248 480 145.730286 ) (-1248 480 144 ) 
5 114 157 (-1157.567505 480 -32 ) (-1024 444.680389 -32 ) (-1024 346.666656 -32 ) (-1248 346.666687 -32 ) (-1248 480 -32 ) 
5 114 156 (-1024 346.666656 -32 ) (-1024 64 -32 ) (-1226.928589 64 -32 ) (-1248 238.814880 -32 ) (-1248 346.666687 -32 ) 
4 114 129 (-1104 465.833862 -32 ) (-1157.571777 480 -32 ) (-1157.571777 480 144 ) (-1104 465.833862 144 ) 
4 114 124 (-1104 465.833862 144 ) (-1157.571777 480 144 ) (-1157.571777 480 145.776764 ) (-1104 465.833862 147.321686 ) 
4 114 117 (-1248 480 145.730469 ) (-1248 480 -32 ) (-1248 238.814880 -32 ) (-1248 238.814880 171.556625 ) 
4 114 115 (-1226.928589 64 -32 ) (-1024 64 -32 ) (-1024 64 16 ) (-1226.928589 64 16 ) 
4 115 156 (-1024 64 -32 ) (-1024 48 -32 ) (-1225 48 -32 ) (-1226.928589 64 -32 ) 
4 115 133 (-1225 48 -32 ) (-1024 48 -32 ) (-1024 48 0 ) (-1225 48 0 ) 
3 115 116 (-1225 48 -32 ) (-1225 48 16 ) (-1225.207031 49.714283 16 ) 
4 116 133 (-1248 48 -32 ) (-1225 48 -32 ) (-1225 48 0 ) (-1248 48 0 ) 
4 116 121 (-1248 48 0 ) (-1248 48 16 ) (-1248 49.714283 16 ) (-1248 49.138500 -0.121983 ) 
4 117 157 (-1277.071533 480 -32 ) (-1248 480 -32 ) (-1248 346.666687 -32 ) (-1261 346.666687 -32 ) 
3 117 156 (-1248 346.666687 -32 ) (-1248 238.814697 -32 ) (-1261 346.666687 -32 ) 
4 118 131 (-1248 48 16 ) (-1248 48 192 ) (-1376 48 192 ) (-1376 48 16 ) 
4 118 119 (-1248.030884 48 16.001743 ) (-1248.213379 49.707809 15.818764 ) (-1248.995972 55.968933 191.130249 ) (-1248.144531 48 191.983932 ) 
4 120 156 (-1248 48 -32 ) (-1376 48 -32 ) (-1429.333252 346.666656 -32 ) (-1279.930054 346.666687 -32 ) 
4 120 133 (-1376 48 -32 ) (-1248 48 -32 ) (-1248 48 0 ) (-1376 48 0 ) 
3 122 128 (-1024 480 144 ) (-1024 474.845428 144 ) (-1043.492920 480 144 ) 
5 122 125 (-1104 496 144 ) (-1104 576 144 ) (-1024 576 144 ) (-1024 480 144 ) (-1043.492920 480 144 ) 
4 122 123 (-1104 496 192 ) (-1104 496 144 ) (-1024 474.846375 148.019684 ) (-1024 474.846405 192 ) 
4 122 124 (-1104 576 192 ) (-1104 576 144 ) (-1104 496 144 ) (-1104 496 192 ) 
4 123 124 (-1104 496 144 ) (-1104 465.835938 149.489822 ) (-1104 465.835938 192 ) (-1104 496 192 ) 
4 124 135 (-1456 558.915222 144 ) (-1456 558.915222 192 ) (-1456 576 192 ) (-1456 576 144 ) 
3 124 129 (-1104 465.837189 144 ) (-1157.559204 480 144 ) (-1104 480 144 ) 
5 124 126 (-1218.066040 496 144 ) (-1456 558.917603 144 ) (-1456 576 144 ) (-1104 576 144 ) (-1104 496 144 ) 
4 125 128 (-1024 480 144 ) (-1043.493042 480 144 ) (-1043.493042 480 -16.598886 ) (-1024 480 -16.482414 ) 
3 125 127 (-1104 496 -19.106316 ) (-1104 576 -29.834652 ) (-1052.282837 576 -29.525644 ) 
4 125 126 (-1104 576 -29.833984 ) (-1104 496 -19.105633 ) (-1104 496 144 ) (-1104 576 144 ) 
5 126 127 (-1218.075317 496 -19.787909 ) (-1456 558.915039 -29.646664 ) (-1456 576 -31.937830 ) (-1104 576 -29.834652 ) (-1104 496 -19.106316 ) 
3 129 164 (-1104 465.834991 -32 ) (-1157.567627 480 -32 ) (-1104 480 -32 ) 
4 130 255 (-1024 0 192 ) (-1024 0 1039.530029 ) (-1456 0 1039.530029 ) (-1456 0 192 ) 
3 130 136 (-1456 0 192 ) (-1456 0 197.201874 ) (-1456 48 192 ) 
4 130 135 (-1456 0 197.201874 ) (-1456 0 1039.530029 ) (-1456 48 1039.530029 ) (-1456 48 192 ) 
4 130 131 (-1024 0 192 ) (-1376 0 192 ) (-1376 48 192 ) (-1024 48 192 ) 
4 130 132 (-1392 0 192 ) (-1456 0 192 ) (-1456 48 192 ) (-1392 48 192 ) 
4 131 256 (-1024 0 16 ) (-1024 0 192 ) (-1376 0 192 ) (-1376 0 16 ) 
4 132 259 (-1392 0 192 ) (-1456 0 192 ) (-1456 0 16 ) (-1392 0 16 ) 
4 132 148 (-1456 0 16 ) (-1456 0 144 ) (-1456 48 144 ) (-1456 48 16 ) 
4 132 136 (-1456 0 144 ) (-1456 0 192 ) (-1456 48 192 ) (-1456 48 144 ) 
4 132 134 (-1456 0 16 ) (-1456 48 16 ) (-1392 48 16 ) (-1392 0 16 ) 
4 133 262 (-1024 0 -32 ) (-1024 0 0 ) (-1376 0 0 ) (-1376 0 -32 ) 
4 133 156 (-1024 0 -32 ) (-1367.428467 0 -32 ) (-1376 48 -32 ) (-1024 48 -32 ) 
3 133 151 (-1367.428467 0 -32 ) (-1376 0 -32 ) (-1376 48 -32 ) 
4 133 134 (-1376 48 0 ) (-1376 48 -32 ) (-1376 0 -32 ) (-1376 0 0 ) 
4 134 262 (-1456 0 0 ) (-1456 0 -32 ) (-1376 0 -32 ) (-1376 0 0 ) 
4 134 261 (-1376 0 16 ) (-1456 0 16 ) (-1456 0 0 ) (-1376 0 0 ) 
4 134 151 (-1376 0 -32 ) (-1456 0 -32 ) (-1456 48 -32 ) (-1376 48 -32 ) 
4 134 148 (-1456 48 -32 ) (-1456 0 -32 ) (-1456 0 16 ) (-1456 48 16 ) 
4 135 255 (-2048 0 1039.530029 ) (-2048 0 197.201904 ) (-1456 0 197.201874 ) (-1456 0 1039.530029 ) 
5 135 174 (-2048 0 197.201874 ) (-2048 0 1039.530029 ) (-2048 1024 1039.530029 ) (-2048 1024 144 ) (-2048 490.916931 144 ) 
4 135 149 (-2048 490.916931 144 ) (-2048 496 144 ) (-1664 496 144 ) (-1664 490.916931 144 ) 
4 135 146 (-1632 704 144 ) (-1584 704 144 ) (-1584 496 144 ) (-1632 496 144 ) 
4 135 147 (-2048 496 144 ) (-2048 704 144 ) (-1648 704 144 ) (-1648 496 144 ) 
4 135 144 (-1584 704 144 ) (-1568 704 144 ) (-1568 656 144 ) (-1584 656 144 ) 
4 135 145 (-1568 544 144 ) (-1568 496 144 ) (-1584 496 144 ) (-1584 544 144 ) 
4 135 142 (-1568 560 144 ) (-1568 640 144 ) (-1472 640 144 ) (-1472 560 144 ) 
4 135 143 (-1472 496 144 ) (-1568 496 144 ) (-1568 544 144 ) (-1472 544 144 ) 
4 135 141 (-1456 544 144 ) (-1456 496 144 ) (-1472 496 144 ) (-1472 544 144 ) 
4 135 140 (-1568 704 144 ) (-1456 704 144 ) (-1456 656 144 ) (-1568 656 144 ) 
4 135 139 (-2048 704 144 ) (-2048 720 144 ) (-1664 720 144 ) (-1664 704 144 ) 
4 135 137 (-1472 1024 144 ) (-1456 1024 144 ) (-1456 896 144 ) (-1472 896 144 ) 
4 135 138 (-2048 720 144 ) (-2048 1024 144 ) (-1472 1024 144 ) (-1472 720 144 ) 
5 135 136 (-2048 0 197.202087 ) (-2048 490.918976 144 ) (-1472.680420 490.918976 144 ) (-1456 398.933533 153.968689 ) (-1456 0 197.202103 ) 
4 136 259 (-2048 0 192 ) (-2048 0 144 ) (-1456 0 144 ) (-1456 0 192 ) 
4 136 255 (-2048 0 197.201904 ) (-2048 0 192 ) (-1456 0 192 ) (-1456 0 197.201874 ) 
3 136 174 (-2048 0 144 ) (-2048 0 197.201874 ) (-2048 490.916931 144 ) 
5 136 148 (-1470.700317 480 144 ) (-1456 398.933533 144 ) (-1456 0 144 ) (-1664 0 144 ) (-1664 480 144 ) 
4 136 149 (-2048 0 144 ) (-2048 490.916931 144 ) (-1664 490.916931 144 ) (-1664 0 144 ) 
4 137 166 (-1472 1024 -32 ) (-1456 1024 -32 ) (-1456 896 -32 ) (-1472 896 -32 ) 
4 137 138 (-1472 1024 -32 ) (-1472 896 -32 ) (-1472 896 144 ) (-1472 1024 144 ) 
4 138 174 (-2048 720 144 ) (-2048 1024 144 ) (-2048 1024 -32 ) (-2048 720 -32 ) 
4 138 168 (-1632 1024 -32 ) (-1584 1024 -32 ) (-1584 720 -32 ) (-1632 720 -32 ) 
4 138 169 (-2048 720 -32 ) (-2048 1024 -32 ) (-1632 1024 -32 ) (-1632 720 -32 ) 
4 138 166 (-1584 1024 -32 ) (-1472 1024 -32 ) (-1472 720 -32 ) (-1584 720 -32 ) 
4 138 139 (-2048 720 -32 ) (-1664 720 -32 ) (-1664 720 144 ) (-2048 720 144 ) 
4 139 174 (-2048 704 144 ) (-2048 720 144 ) (-2048 720 -32 ) (-2048 704 -32 ) 
4 139 169 (-2048 704 -32 ) (-2048 720 -32 ) (-1664 720 -32 ) (-1664 704 -32 ) 
4 139 147 (-2048 704 -32 ) (-1664 704 -32 ) (-1664 704 144 ) (-2048 704 144 ) 
4 140 144 (-1568 704 144 ) (-1568 704 -32 ) (-1568 656 -32 ) (-1568 656 144 ) 
4 141 143 (-1472 544 -32 ) (-1472 496 -32 ) (-1472 496 144 ) (-1472 544 144 ) 
4 142 167 (-1568 560 -32 ) (-1568 640 -32 ) (-1472 640 -32 ) (-1472 560 -32 ) 
4 143 145 (-1568 544 -32 ) (-1568 496 -32 ) (-1568 496 144 ) (-1568 544 144 ) 
4 144 146 (-1584 704 144 ) (-1584 704 -32 ) (-1584 656 -32 ) (-1584 656 144 ) 
4 145 146 (-1584 544 -32 ) (-1584 496 -32 ) (-1584 496 144 ) (-1584 544 144 ) 
4 147 174 (-2048 496 144 ) (-2048 704 144 ) (-2048 704 -32 ) (-2048 496 -32 ) 
4 147 171 (-2048 496 -32 ) (-2048 544 -32 ) (-1648 544 -32 ) (-1648 496 -32 ) 
4 147 169 (-2048 544 -32 ) (-2048 704 -32 ) (-1648 704 -32 ) (-1648 544 -32 ) 
4 147 149 (-2048 496 -32 ) (-1664 496 -32 ) (-1664 496 144 ) (-2048 496 144 ) 
4 148 262 (-1664 0 -32 ) (-1456 0 -32 ) (-1456 0 0 ) (-1664 0 0 ) 
4 148 261 (-1456 0 0 ) (-1456 0 16 ) (-1664 0 16 ) (-1664 0 0 ) 
4 148 259 (-1456 0 16 ) (-1456 0 144 ) (-1664 0 144 ) (-1664 0 16 ) 
5 148 170 (-1456 0 -32 ) (-1632 0 -32 ) (-1632 480 -32 ) (-1470.700439 480 -32 ) (-1456 398.933533 -32 ) 
4 148 171 (-1632 0 -32 ) (-1664 0 -32 ) (-1664 480 -32 ) (-1632 480 -32 ) 
4 148 149 (-1664 480 -32 ) (-1664 0 -32 ) (-1664 0 144 ) (-1664 480 144 ) 
4 149 262 (-2048 0 0 ) (-2048 0 -32 ) (-1664 0 -32 ) (-1664 0 0 ) 
4 149 261 (-2048 0 16 ) (-2048 0 0 ) (-1664 0 0 ) (-1664 0 16 ) 
4 149 259 (-2048 0 144 ) (-2048 0 16 ) (-1664 0 16 ) (-1664 0 144 ) 
4 149 174 (-2048 0 -32 ) (-2048 0 144 ) (-2048 496 144 ) (-2048 496 -32 ) 
4 149 171 (-1664 0 -32 ) (-2048 0 -32 ) (-2048 496 -32 ) (-1664 496 -32 ) 
4 150 172 (-1456 1024 -48 ) (-1456 1024 -234.528000 ) (-1456 880 -234.528000 ) (-1456 880 -48 ) 
4 150 166 (-1456 880 -32 ) (-1456 1024 -32 ) (-1456 1024 -48 ) (-1456 880 -48 ) 
4 150 154 (-1456 880 -48 ) (-1456 880 -234.528000 ) (-1040 880 -234.528000 ) (-1040 880 -48 ) 
4 150 152 (-1040 880 -234.528000 ) (-1024 880 -234.528000 ) (-1024 880 -32 ) (-1040 880 -32 ) 
4 151 262 (-1367.428589 0 -32 ) (-1456 0 -32 ) (-1456 0 -234.528000 ) (-1367.428589 0 -234.528000 ) 
4 151 172 (-1456 0 -234.528000 ) (-1456 0 -48 ) (-1456 496 -48 ) (-1456 496 -234.528000 ) 
4 151 170 (-1456 0 -48 ) (-1456 0 -32 ) (-1456 496 -32 ) (-1456 496 -48 ) 
5 151 156 (-1367.427734 0 -234.528000 ) (-1456 496.003906 -234.528000 ) (-1456 496.003906 -48 ) (-1429.332642 346.666656 -32 ) (-1367.427856 0 -32 ) 
4 152 154 (-1040 880 -48 ) (-1040 880 -234.528000 ) (-1040 768 -234.528000 ) (-1040 768 -48 ) 
4 152 153 (-1040 768 -48 ) (-1040 768 -234.528000 ) (-1024 768 -234.528000 ) (-1024 768 -48 ) 
4 153 159 (-1024 656 -48.946045 ) (-1024 656 -48 ) (-1040 656 -48 ) (-1040 656 -49.591976 ) 
4 153 158 (-1040 656 -234.528000 ) (-1024 656 -234.528000 ) (-1024 656 -48.946045 ) (-1040 656 -49.591976 ) 
4 153 154 (-1040 768 -234.528000 ) (-1040 656 -234.528000 ) (-1040 656 -48 ) (-1040 768 -48 ) 
4 154 172 (-1456 880 -48 ) (-1456 880 -234.528000 ) (-1456 656 -234.528000 ) (-1456 656 -48 ) 
4 154 165 (-1456 656 -48 ) (-1456 656 -234.528000 ) (-1040 656 -234.528000 ) (-1040 656 -48 ) 
4 155 172 (-1456 558.915222 -48 ) (-1456 558.915222 -234.528000 ) (-1456 496 -234.528000 ) (-1456 496 -48 ) 
4 155 165 (-1218.079346 496 -234.528000 ) (-1456 558.914063 -234.528000 ) (-1456 558.914063 -48 ) (-1218.078979 496 -48 ) 
4 155 156 (-1455.998047 496 -48 ) (-1455.998047 496 -234.528000 ) (-1218.074219 496 -234.528000 ) (-1218.074219 496 -48 ) 
4 156 262 (-1024 0 -234.528000 ) (-1024 0 -32 ) (-1367.428589 0 -32 ) (-1367.428589 0 -234.528000 ) 
4 156 163 (-1104 465.833801 -44.767906 ) (-1040 448.910126 -42.954655 ) (-1040 448.910126 -44.187336 ) (-1104 465.833801 -47.212715 ) 
4 156 162 (-1040 448.910126 -44.187336 ) (-1040 448.910126 -48 ) (-1104 465.833801 -48 ) (-1104 465.833801 -47.212715 ) 
3 156 164 (-1218.078979 496 -48 ) (-1104 465.833801 -44.767906 ) (-1104 465.833801 -48 ) 
4 156 165 (-1040 448.909973 -234.528000 ) (-1218.079346 496 -234.528000 ) (-1218.078979 496 -48 ) (-1040 448.910126 -48 ) 
4 156 161 (-1024 444.679047 -234.528000 ) (-1040 448.909973 -234.528000 ) (-1040 448.910126 -42.954655 ) (-1024 444.679199 -42.501343 ) 
5 156 157 (-1024 444.679474 -42.501396 ) (-1218.078125 496 -48 ) (-1296 496 -48 ) (-1280 346.666565 -32 ) (-1024 346.666351 -32 ) 
4 157 163 (-1040 448.910126 -39.294174 ) (-1040 448.910126 -42.954655 ) (-1104 465.833801 -44.767906 ) (-1104 465.833801 -42.510082 ) 
4 157 164 (-1218.078979 496 -48 ) (-1218.078979 496 -32 ) (-1104 465.833801 -32 ) (-1104 465.833801 -44.767906 ) 
4 157 161 (-1024 444.679199 -38.490196 ) (-1024 444.679199 -42.501343 ) (-1040 448.910126 -42.954655 ) (-1040 448.910126 -39.294178 ) 
4 158 162 (-1040 479.076355 -48 ) (-1040 479.076355 -44.974609 ) (-1040 496 -45.416283 ) (-1040 496 -48 ) 
5 158 165 (-1040 656 -49.591972 ) (-1040 656 -234.528000 ) (-1040 479.076355 -234.528000 ) (-1040 479.076355 -48 ) (-1040 595 -48 ) 
4 158 161 (-1040 479.076172 -44.974609 ) (-1040 479.076172 -234.528000 ) (-1024 474.845245 -234.528000 ) (-1024 474.845673 -44.218277 ) 
4 158 160 (-1040 614.750061 -48.515495 ) (-1040 595 -48 ) (-1024 589.904663 -47.221149 ) (-1024 609.908264 -47.743206 ) 
4 158 159 (-1024 656 -48.946114 ) (-1040 656 -49.592041 ) (-1040 614.750061 -48.515495 ) (-1024 609.908264 -47.743206 ) 
4 159 165 (-1040 656 -48 ) (-1040 656 -49.591972 ) (-1040 614.750061 -48.515427 ) (-1040 614.750061 -48 ) 
4 159 160 (-1040 614.750000 -48 ) (-1040 614.750000 -48.518066 ) (-1024 609.908264 -47.745781 ) (-1024 609.908264 -47.197918 ) 
3 160 165 (-1040 614.750061 -48.515427 ) (-1040 595 -48 ) (-1040 614.750061 -48 ) 
4 161 163 (-1040 448.908203 -44.187286 ) (-1040 448.908203 -39.293808 ) (-1040 479.076355 -44.784096 ) (-1040 479.076355 -44.974617 ) 
4 161 162 (-1040 448.908203 -48 ) (-1040 448.908203 -44.187286 ) (-1040 479.076355 -44.974617 ) (-1040 479.076355 -48 ) 
4 161 165 (-1040 479.076355 -234.528000 ) (-1040 448.908203 -234.528000 ) (-1040 448.908203 -48 ) (-1040 479.076355 -48 ) 
4 162 163 (-1104 496 -48 ) (-1104 465.834961 -47.212753 ) (-1040 448.914063 -44.187378 ) (-1040 479.076324 -44.974575 ) 
3 162 164 (-1104 496 -48 ) (-1104 465.834961 -48 ) (-1104 465.834961 -47.212746 ) 
4 162 165 (-1040 496 -48 ) (-1040 448.910156 -48 ) (-1104 465.833832 -48 ) (-1104 496 -48 ) 
3 163 164 (-1104 496 -48 ) (-1104 465.834961 -47.212746 ) (-1104 465.834961 -42.510292 ) 
3 164 165 (-1104 465.833832 -48 ) (-1218.078857 496 -48 ) (-1104 496 -48 ) 
4 165 172 (-1456 656 -48 ) (-1456 656 -234.528000 ) (-1456 558.915222 -234.528000 ) (-1456 558.915222 -48 ) 
4 166 172 (-1584 1024 -48 ) (-1456 1024 -48 ) (-1456 704 -48 ) (-1584 704 -48 ) 
4 166 168 (-1584 1024 -48 ) (-1584 704 -48 ) (-1584 704 -32 ) (-1584 1024 -32 ) 
4 167 172 (-1456 656 -48 ) (-1456 544 -48 ) (-1584 544 -48 ) (-1584 656 -48 ) 
4 168 172 (-1632 1024 -48 ) (-1584 1024 -48 ) (-1584 704 -48 ) (-1632 704 -48 ) 
4 168 169 (-1632 1024 -48 ) (-1632 704 -48 ) (-1632 704 -32 ) (-1632 1024 -32 ) 
4 169 174 (-2048 544 -32 ) (-2048 1024 -32 ) (-2048 1024 -48 ) (-2048 544 -48 ) 
4 169 172 (-2048 544 -48 ) (-2048 1024 -48 ) (-1632 1024 -48 ) (-1632 544 -48 ) 
4 169 171 (-2048 544 -48 ) (-1632 544 -48 ) (-1632 544 -32 ) (-2048 544 -32 ) 
4 170 262 (-1456 0 -48 ) (-1456 0 -32 ) (-1632 0 -32 ) (-1632 0 -48 ) 
4 170 172 (-1456 496 -48 ) (-1456 0 -48 ) (-1632 0 -48 ) (-1632 496 -48 ) 
4 170 171 (-1632 496 -48 ) (-1632 0 -48 ) (-1632 0 -32 ) (-1632 496 -32 ) 
4 171 262 (-1632 0 -32 ) (-2048 0 -32 ) (-2048 0 -48 ) (-1632 0 -48 ) 
4 171 174 (-2048 0 -48 ) (-2048 0 -32 ) (-2048 544 -32 ) (-2048 544 -48 ) 
4 171 172 (-2048 0 -48 ) (-2048 544 -48 ) (-1632 544 -48 ) (-1632 0 -48 ) 
4 172 262 (-1456 0 -234.528000 ) (-1456 0 -48 ) (-2048 0 -48 ) (-2048 0 -234.528000 ) 
4 172 174 (-2048 0 -234.528000 ) (-2048 0 -48 ) (-2048 1024 -48 ) (-2048 1024 -234.528000 ) 
4 173 174 (-2048 1024 -234.528000 ) (-2048 1024 1039.530029 ) (-2193.390137 1024 1039.530029 ) (-2193.390137 1024 -234.528000 ) 
4 174 263 (-2048 0 -234.528000 ) (-2048 0 1039.530029 ) (-2193.390137 0 1039.530029 ) (-2193.390137 0 -234.528000 ) 
4 175 253 (845.837036 -1024 1039.530029 ) (0 -1024 1039.530029 ) (0 -1024 192 ) (845.837036 -1024 192 ) 
4 175 194 (0 -1024 192 ) (0 -1024 1039.530029 ) (0 -16 1039.530029 ) (0 -16 192 ) 
4 175 192 (0 -16 1039.530029 ) (0 0 1039.530029 ) (0 0 192 ) (0 -16 192 ) 
4 175 185 (0 -1008 192 ) (0 -800 192 ) (80 -800 192 ) (80 -1008 192 ) 
4 175 184 (845.837036 -1024 192 ) (96 -1024 192 ) (96 -800 192 ) (845.837036 -800 192 ) 
4 175 183 (361.250000 -128 192 ) (845.837036 -128 192 ) (845.837036 -800 192 ) (105.536011 -800 192 ) 
5 175 182 (0 -800 192 ) (0 -720.104126 192 ) (240.510590 -128 192 ) (335.713989 -128 192 ) (80 -800 192 ) 
3 175 181 (0 -657.211914 192 ) (0 -128 192 ) (214.964005 -128 192 ) 
4 175 180 (0 -128 192 ) (0 -16 192 ) (64 -16 192 ) (64 -128 192 ) 
4 175 179 (80 -16 192 ) (80 -128 192 ) (64 -128 192 ) (64 -16 192 ) 
4 175 178 (80 0 192 ) (224 0 192 ) (224 -128 192 ) (80 -128 192 ) 
4 175 176 (352 0 192 ) (845.837036 0 192 ) (845.837036 -128 192 ) (352 -128 192 ) 
4 175 177 (240 0 192 ) (336 0 192 ) (336 -128 192 ) (240 -128 192 ) 
4 176 186 (352 0 16 ) (845.837036 0 16 ) (845.837036 -128 16 ) (352 -128 16 ) 
4 176 183 (361.250000 -128 16 ) (845.837036 -128 16 ) (845.837036 -128 192 ) (361.250000 -128 192 ) 
4 177 182 (240.510590 -128 16 ) (335.713989 -128 16 ) (335.713989 -128 192 ) (240.510590 -128 192 ) 
4 178 187 (80 0 16 ) (224 0 16 ) (224 -128 16 ) (80 -128 16 ) 
4 178 181 (80 -128 16 ) (214.964020 -128 16 ) (214.964020 -128 192 ) (80 -128 192 ) 
4 178 179 (80 -16 16 ) (80 -128 16 ) (80 -128 192 ) (80 -16 192 ) 
4 179 187 (80 -16 16 ) (80 -128 16 ) (64 -128 16 ) (64 -16 16 ) 
4 179 181 (64 -128 16 ) (80 -128 16 ) (80 -128 192 ) (64 -128 192 ) 
4 179 180 (64 -16 16 ) (64 -128 16 ) (64 -128 192 ) (64 -16 192 ) 
4 180 195 (0 -128 192 ) (0 -16 192 ) (0 -16 16 ) (0 -128 16 ) 
4 180 187 (64 -16 16 ) (64 -128 16 ) (0 -128 16 ) (0 -16 16 ) 
4 180 181 (0 -128 16 ) (64 -128 16 ) (64 -128 192 ) (0 -128 192 ) 
4 181 195 (0 -657.211914 192 ) (0 -128 192 ) (0 -128 16 ) (0 -657.211975 16 ) 
3 181 187 (0 -657.211914 16 ) (0 -128 16 ) (214.964005 -128 16 ) 
4 182 196 (0 -800 192 ) (0 -720.104126 192 ) (0 -720.104126 16 ) (0 -800 16 ) 
3 182 187 (0 -720.941162 16 ) (0 -720.104126 16 ) (95.933899 -483.928009 16 ) 
4 182 185 (0 -800 16 ) (80 -800 16 ) (80 -800 192 ) (0 -800 192 ) 
3 183 188 (336 -800 16 ) (105.536011 -800 16 ) (336 -194.355408 16 ) 
5 183 186 (845.837036 -800 16 ) (336 -800 16 ) (336 -194.355408 16 ) (361.250000 -128 16 ) (845.837036 -128 16 ) 
4 183 184 (105.535973 -800 16 ) (845.837036 -800 16 ) (845.837036 -800 192 ) (105.536011 -800 192 ) 
4 184 253 (845.837036 -1024 192 ) (96 -1024 192 ) (96 -1024 16 ) (845.837036 -1024 16 ) 
4 184 189 (845.837036 -1024 16 ) (96 -1024 16 ) (96 -800 16 ) (845.837036 -800 16 ) 
4 185 197 (0 -1008 192 ) (0 -800 192 ) (0 -800 16 ) (0 -1008 16 ) 
4 186 191 (336 0 0 ) (845.837036 0 0 ) (845.837036 -800 0 ) (336 -800 0 ) 
4 186 189 (336 -800 0 ) (845.837036 -800 0 ) (845.837036 -800 16 ) (336 -800 16 ) 
4 186 188 (336 -128 0 ) (336 -800 0 ) (336 -800 16 ) (336 -128 16 ) 
4 187 224 (0 -720.941162 16 ) (0 -272 16 ) (0 -272 0 ) (0 -720.941223 0 ) 
4 187 221 (0 -272 16 ) (0 0 16 ) (0 0 0 ) (0 -272 0 ) 
4 187 191 (0 -720.941162 0 ) (0 0 0 ) (240 0 0 ) (240 -128 0 ) 
3 188 191 (336 -128 0 ) (336 -800 0 ) (80 -800 0 ) 
4 188 189 (80 -800 0 ) (336 -800 0 ) (336 -800 16 ) (80 -800 16 ) 
4 189 253 (845.837036 -1024 16 ) (80 -1024 16 ) (80 -1024 0 ) (845.837036 -1024 0 ) 
4 189 191 (845.837036 -1024 0 ) (80 -1024 0 ) (80 -800 0 ) (845.837036 -800 0 ) 
4 189 190 (80 -1008 0 ) (80 -1024 0 ) (80 -1024 16 ) (80 -1008 16 ) 
4 190 253 (80 -1024 16 ) (0 -1024 16 ) (0 -1024 0 ) (80 -1024 0 ) 
4 190 227 (0 -1024 0 ) (0 -1024 16 ) (0 -1008 16 ) (0 -1008 0 ) 
4 190 191 (80 -1024 0 ) (0 -1024 0 ) (0 -1008 0 ) (80 -1008 0 ) 
4 191 253 (845.837036 -1024 0 ) (0 -1024 0 ) (0 -1024 -234.528000 ) (845.837036 -1024 -234.528000 ) 
4 191 247 (0 -8 -176 ) (0 0 -176 ) (0 0 -234.528000 ) (0 -8 -234.528000 ) 
4 191 252 (0 -1024 -234.528000 ) (0 -1024 -176 ) (0 -8 -176 ) (0 -8 -234.528000 ) 
4 191 226 (0 -1008 0 ) (0 -800 0 ) (0 -800 -176 ) (0 -1008 -176 ) 
4 191 227 (0 -1024 -176 ) (0 -1024 0 ) (0 -1008 0 ) (0 -1008 -176 ) 
4 191 225 (0 -800 0 ) (0 -272 0 ) (0 -272 -176 ) (0 -800 -176 ) 
4 191 221 (0 -272 0 ) (0 0 0 ) (0 0 -176 ) (0 -272 -176 ) 
4 192 208 (-176 -16 1039.530029 ) (-200 -16 1039.530029 ) (-200 -16 192 ) (-176 -16 192 ) 
4 192 210 (-200 -16 1039.530029 ) (-388.721619 -16 1039.530029 ) (-388.721619 -16 192 ) (-200 -16 192 ) 
4 192 207 (-388.721619 -16 1039.530029 ) (-409 -16 1039.530029 ) (-409 -16 192 ) (-388.721619 -16 192 ) 
4 192 198 (-64 -16 1039.530029 ) (-176 -16 1039.530029 ) (-176 -16 192 ) (-64 -16 192 ) 
4 192 194 (0 -16 192 ) (0 -16 1039.530029 ) (-64 -16 1039.530029 ) (-64 -16 192 ) 
4 192 193 (-409 -16 192 ) (-409 -16 1039.530029 ) (-409 0 1039.530029 ) (-409 0 192 ) 
4 193 256 (-1024 0 192 ) (-1024 0 16 ) (-1024 -16 16 ) (-1024 -16 192 ) 
4 193 255 (-1024 0 1039.530029 ) (-1024 0 192 ) (-1024 -16 192 ) (-1024 -16 1039.530029 ) 
4 193 238 (-412.862732 0 16 ) (-409 0 16 ) (-409 -16 16 ) (-409.725464 -16 16 ) 
4 193 207 (-425.562012 -16 16 ) (-409 -16 16 ) (-409 -16 1039.530029 ) (-425.562012 -16 1039.530029 ) 
4 193 204 (-1024 -16 16 ) (-580.626587 -16 16 ) (-580.626587 -16 192 ) (-1024 -16 192 ) 
4 193 201 (-580.626587 -16 192 ) (-580.626526 -16 1039.530029 ) (-1024 -16 1039.530029 ) (-1024 -16 192 ) 
4 193 199 (-580.626587 -16 16 ) (-425.562012 -16 16 ) (-425.562012 -16 1039.530029 ) (-580.626526 -16 1039.530029 ) 
4 194 254 (0 -1024 192 ) (0 -1024 1039.530029 ) (-64 -1024 1039.530029 ) (-64 -1024 192 ) 
4 194 218 (-64 -1008 192 ) (-64 -1024 192 ) (-64 -1024 195.522476 ) (-64 -1008 194.595978 ) 
3 194 215 (-64 -963.169250 192 ) (-64 -1008 192 ) (-64 -1008 194.595978 ) 
5 194 214 (-64 -912 192 ) (-64 -963.169250 192 ) (-64 -1024 195.522476 ) (-64 -1024 1039.530029 ) (-64 -912 1039.530029 ) 
4 194 198 (-64 -16 1039.530029 ) (-64 -16 192 ) (-64 -912 192 ) (-64 -912 1039.530029 ) 
4 194 197 (-64 -1008 192 ) (-64 -800 192 ) (0 -800 192 ) (0 -1008 192 ) 
3 194 196 (0 -720.104126 192 ) (0 -800 192 ) (-32.453415 -800 192 ) 
4 194 195 (-40 -16 192 ) (0 -16 192 ) (0 -657.211975 192 ) (-40 -755.686462 192 ) 
4 195 224 (0 -272 16 ) (0 -657.211975 16 ) (-40 -755.686462 16 ) (-40 -272 16 ) 
4 195 221 (-32 -16 16 ) (0 -16 16 ) (0 -272 16 ) (-32 -272 16 ) 
4 196 224 (0 -720.104126 16 ) (0 -720.941162 16 ) (-32 -800 16 ) (-32.453415 -800 16 ) 
4 196 197 (0 -800 192 ) (-32.453415 -800 192 ) (-32.453415 -800 16 ) (0 -800 16 ) 
5 197 215 (-64 -912 16 ) (-64 -1008 16 ) (-64 -1008 192 ) (-64 -963.169189 192 ) (-64 -912 189.036972 ) 
3 197 214 (-64 -963.169189 192 ) (-64 -912 192 ) (-64 -912 189.036972 ) 
4 197 198 (-64 -800 16 ) (-64 -912 16 ) (-64 -912 192 ) (-64 -800 192 ) 
4 198 222 (-176 -16 16 ) (-64 -16 16 ) (-64 -256 16 ) (-176 -256 16 ) 
4 198 215 (-176 -912 16 ) (-64 -912 16 ) (-64 -912 189.036987 ) (-176 -912 190.333313 ) 
4 198 214 (-64 -912 189.036987 ) (-64 -912 1039.530029 ) (-176 -912 1039.530029 ) (-176 -912 190.333313 ) 
4 198 211 (-176 -800 16 ) (-176 -912 16 ) (-176 -912 198.936066 ) (-176 -800 191.962311 ) 
4 198 208 (-176 -16 1039.530029 ) (-176 -16 192 ) (-176 -800 192 ) (-176 -800 1039.530029 ) 
4 198 209 (-176 -800 191.962311 ) (-176 -912 198.936066 ) (-176 -912 1039.530029 ) (-176 -800 1039.530029 ) 
3 199 231 (-263.240356 -763.074280 16 ) (-255.217255 -800 16 ) (-256 -800 16 ) 
4 199 215 (-320 -912 16 ) (-230.882324 -912 16 ) (-230.882324 -912 190.968552 ) (-320 -912 192 ) 
4 199 214 (-230.882324 -912 190.968552 ) (-230.882294 -912 1039.530029 ) (-320 -912 1039.530029 ) (-320 -912 192 ) 
4 199 213 (-230.881836 -912 199.026001 ) (-230.881836 -912 16 ) (-255.540085 -798.512085 16 ) (-255.540085 -798.512085 192 ) 
4 199 210 (-230.881836 -912 1039.530029 ) (-230.881836 -912 199.026001 ) (-424 -23.189022 144 ) (-424 -23.189003 1039.530029 ) 
4 199 207 (-424 -23.189026 16 ) (-425.561523 -16 16 ) (-425.561523 -16 1039.530029 ) (-424 -23.189003 1039.530029 ) 
4 199 205 (-320.001007 -912 192 ) (-324.685486 -895.895081 1039.530029 ) (-571.319580 -48 1039.530029 ) (-571.319580 -48 144.877808 ) 
4 199 204 (-580.627686 -16 192 ) (-580.627686 -16 16 ) (-577 -28.471489 16 ) (-577 -28.471489 192 ) 
4 199 203 (-577 -28.471489 16 ) (-576.001099 -31.905617 16 ) (-576.001099 -31.905619 144 ) (-577 -28.471489 143.812729 ) 
4 199 202 (-571.319580 -48 144.877808 ) (-571.319580 -48 192 ) (-577 -28.471489 192 ) (-577 -28.471489 143.812729 ) 
4 199 201 (-580.627686 -16 1039.530029 ) (-580.627686 -16 192 ) (-571.319580 -48 192 ) (-571.319580 -48 1039.530029 ) 
3 199 200 (-320 -912 191.988998 ) (-320 -912 1039.530029 ) (-324.685486 -895.895081 1039.530029 ) 
4 200 257 (-1024 -774.434509 16 ) (-1024 -912 16 ) (-1024 -912 192 ) (-1024 -771.284607 192 ) 
4 200 255 (-1024 -912 192 ) (-1024 -912 1039.530029 ) (-1024 -756.116211 1039.530029 ) (-1024 -771.284607 192 ) 
3 200 241 (-395.090027 -900.140930 16 ) (-335.758911 -912 16 ) (-391.901794 -912 16 ) 
5 200 240 (-1024 -912 16 ) (-1024 -800 16 ) (-896.095703 -800 16 ) (-395.090027 -900.140930 16 ) (-391.901794 -912 16 ) 
3 200 232 (-1024 -800 16 ) (-1024 -774.434509 16 ) (-896.095703 -800 16 ) 
4 200 214 (-320 -912 192 ) (-320 -912 1039.530029 ) (-336 -912 1039.530029 ) (-336 -912 192.185181 ) 
4 200 220 (-1024 -912 16 ) (-336 -912 16 ) (-336 -912 1039.530029 ) (-1024 -912 1039.530029 ) 
4 200 206 (-395.089844 -900.141602 16 ) (-1024 -774.435181 16 ) (-1024 -771.285278 192 ) (-395.089844 -896.991699 192 ) 
5 200 205 (-324.685791 -895.895630 1039.530029 ) (-320.001404 -912 192.019531 ) (-320.003143 -912 192 ) (-1024 -771.285278 192 ) (-1024 -756.116882 1039.530029 ) 
4 201 255 (-1024 -48 192 ) (-1024 -48 1039.530029 ) (-1024 -16 1039.530029 ) (-1024 -16 192 ) 
4 201 205 (-571.318420 -48 192 ) (-571.318420 -48 1039.530029 ) (-1024 -48 1039.530029 ) (-1024 -48 192 ) 
5 201 204 (-1024 -32 192 ) (-1024 -16 192 ) (-580.628906 -16 192 ) (-577 -28.475033 192 ) (-577 -32 192 ) 
3 201 202 (-571.320313 -48 192 ) (-577 -48 192 ) (-577 -28.475033 192 ) 
4 202 205 (-571.318420 -48 144.877792 ) (-571.318420 -48 192 ) (-577 -48 192 ) (-577 -48 144.943542 ) 
4 202 204 (-577 -32 192 ) (-577 -28.467569 192 ) (-577 -28.467571 143.812500 ) (-577 -32 144.017044 ) 
3 202 203 (-577 -32.109184 144.023483 ) (-577 -28.467569 143.812607 ) (-576 -31.905464 144 ) 
4 203 204 (-577 -32.109184 144.023376 ) (-577 -28.467571 143.812500 ) (-577 -28.467573 16 ) (-577 -32.109184 16 ) 
4 204 256 (-1024 -16 16 ) (-1024 -32 16 ) (-1024 -32 192 ) (-1024 -16 192 ) 
3 205 257 (-1024 -771.284607 192 ) (-1024 -48 192 ) (-1024 -48 150.117249 ) 
4 205 255 (-1024 -771.284607 192 ) (-1024 -756.116211 1039.530029 ) (-1024 -48 1039.530029 ) (-1024 -48 192 ) 
4 205 206 (-395.089294 -896.993713 192 ) (-1024 -771.286987 192 ) (-1024 -48 150.117111 ) (-623.558472 -48 145.482285 ) 
4 206 257 (-1024 -48 16 ) (-1024 -774.434509 16 ) (-1024 -771.284607 192 ) (-1024 -48 150.117249 ) 
3 206 240 (-422.012146 -800 16 ) (-395.090027 -900.140930 16 ) (-896.095703 -800 16 ) 
5 206 232 (-1024 -774.434509 16 ) (-1024 -48 16 ) (-624.181458 -48 16 ) (-422.012146 -800 16 ) (-896.095703 -800 16 ) 
3 207 238 (-409.725464 -16 16 ) (-388.721649 -16 16 ) (-408.918457 -20.115746 16 ) 
4 207 210 (-424 -23.189453 1039.530029 ) (-424 -23.189453 144 ) (-388.719940 -16 143.494537 ) (-388.719940 -16 1039.530029 ) 
4 208 209 (-200 -800 1039.530029 ) (-200 -800 192 ) (-176 -800 191.960678 ) (-176 -800 1039.530029 ) 
5 208 210 (-200 -16 1039.530029 ) (-200 -16 192 ) (-200 -799.934570 192 ) (-200 -800 192.004074 ) (-200 -800 1039.530029 ) 
4 209 214 (-176 -912 198.936066 ) (-176 -912 1039.530029 ) (-200 -912 1039.530029 ) (-200 -912 198.975388 ) 
4 209 211 (-176 -800 191.962402 ) (-176 -912 198.936157 ) (-200 -912 198.975479 ) (-200 -800 192.001724 ) 
4 209 210 (-200 -800 192.004074 ) (-200 -912 198.977829 ) (-200 -912 1039.530029 ) (-200 -800 1039.530029 ) 
4 210 214 (-200 -912 1039.530029 ) (-230.882294 -912 1039.530029 ) (-230.882324 -912 199.026001 ) (-200 -912 198.975388 ) 
4 210 213 (-230.881805 -912 199.026077 ) (-255.540039 -798.512146 192 ) (-200 -799.973633 192 ) (-200 -912 198.975479 ) 
3 210 212 (-373.332916 -16 143.469498 ) (-200 -16 143.185471 ) (-200 -795.502686 191.721710 ) 
4 211 215 (-200 -912 16 ) (-176 -912 16 ) (-176 -912 190.333313 ) (-200 -912 190.611084 ) 
4 211 214 (-176 -912 190.333313 ) (-176 -912 198.936066 ) (-200 -912 198.975388 ) (-200 -912 190.611084 ) 
4 211 213 (-200 -912 16 ) (-200 -912 198.977875 ) (-200 -800 192.004120 ) (-200 -800 16 ) 
3 212 229 (-200 -272 16 ) (-200 -795.502686 16 ) (-316.407837 -272 16 ) 
4 212 228 (-373.332886 -16 16 ) (-208 -16 16 ) (-208 -272 16 ) (-316.407837 -272 16 ) 
4 213 237 (-200 -799.973633 16 ) (-200 -800 16 ) (-255.217255 -800 16 ) (-255.540543 -798.512085 16 ) 
4 213 215 (-230.882324 -912 16 ) (-200 -912 16 ) (-200 -912 190.611069 ) (-230.882324 -912 190.968536 ) 
4 213 214 (-200 -912 190.611069 ) (-200 -912 198.975388 ) (-230.882324 -912 199.026001 ) (-230.882324 -912 190.968536 ) 
4 214 254 (-64 -1024 1039.530029 ) (-336 -1024 1039.530029 ) (-336 -1024 198.670715 ) (-64 -1024 195.522507 ) 
4 214 219 (-336 -1024 198.670776 ) (-336 -1008 197.744278 ) (-320 -1008 197.559097 ) (-320 -1024 198.485596 ) 
4 214 218 (-320 -1008 197.559097 ) (-64 -1008 194.596100 ) (-64 -1024 195.522598 ) (-320 -1024 198.485596 ) 
4 214 217 (-336 -1008 197.744278 ) (-336 -912 192.185303 ) (-320 -912 192 ) (-320 -1008 197.559082 ) 
3 214 216 (-320 -912 192 ) (-292.075684 -1008 197.235886 ) (-320 -1008 197.559082 ) 
4 214 215 (-320 -912 192 ) (-64 -912 189.037094 ) (-64 -1008 194.596100 ) (-292.075684 -1008 197.235886 ) 
4 214 220 (-336 -912 1039.530029 ) (-336 -912 192.185181 ) (-336 -1024 198.670700 ) (-336 -1024 1039.530029 ) 
4 215 218 (-64 -1008 192 ) (-64 -1008 194.594299 ) (-292.075684 -1008 197.234100 ) (-292.075684 -1008 192 ) 
4 215 216 (-292.076172 -1008 16 ) (-292.076172 -1008 197.234375 ) (-320 -912 191.998581 ) (-319.027649 -915.344238 16 ) 
4 216 218 (-292.075684 -1008 197.234100 ) (-320 -1008 197.557297 ) (-320 -1008 192 ) (-292.075684 -1008 192 ) 
3 216 217 (-320 -912.001160 192 ) (-320 -1008 192 ) (-320 -1008 197.558594 ) 
4 217 219 (-320 -1008 197.557297 ) (-336 -1008 197.742493 ) (-336 -1008 192 ) (-320 -1008 192 ) 
4 217 220 (-336 -912 192.185181 ) (-336 -912 192 ) (-336 -1008 192 ) (-336 -1008 197.744202 ) 
4 218 254 (-64 -1024 192 ) (-64 -1024 195.522507 ) (-320 -1024 198.485519 ) (-320 -1024 192 ) 
4 218 219 (-320 -1008 197.558594 ) (-320 -1008 192 ) (-320 -1024 192 ) (-320 -1024 198.485107 ) 
4 219 254 (-336 -1024 198.670715 ) (-336 -1024 192 ) (-320 -1024 192 ) (-320 -1024 198.485519 ) 
4 219 220 (-336 -1024 192 ) (-336 -1024 198.670700 ) (-336 -1008 197.744202 ) (-336 -1008 192 ) 
4 220 257 (-1024 -912 16 ) (-1024 -1024 16 ) (-1024 -1024 192 ) (-1024 -912 192 ) 
4 220 255 (-1024 -1024 192 ) (-1024 -1024 1039.530029 ) (-1024 -912 1039.530029 ) (-1024 -912 192 ) 
4 220 254 (-336 -1024 1039.530029 ) (-1024 -1024 1039.530029 ) (-1024 -1024 16 ) (-336 -1024 16 ) 
4 220 241 (-391.901855 -912 16 ) (-336 -912 16 ) (-336 -1008 16 ) (-366.092987 -1008 16 ) 
4 220 240 (-1024 -1008 16 ) (-1024 -912 16 ) (-391.901855 -912 16 ) (-366.092987 -1008 16 ) 
4 220 246 (-1024 -1024 16 ) (-1024 -1008 16 ) (-336 -1008 16 ) (-336 -1024 16 ) 
4 221 247 (-32 0 -176 ) (0 0 -176 ) (0 -8 -176 ) (-32 -8 -176 ) 
4 221 252 (0 -8 -176 ) (0 -272 -176 ) (-32 -272 -176 ) (-32 -8 -176 ) 
4 221 224 (0 -272 0 ) (0 -272 16 ) (-32 -272 16 ) (-32 -272 0 ) 
4 221 225 (-32 -272 -176 ) (0 -272 -176 ) (0 -272 0 ) (-32 -272 0 ) 
4 223 249 (-176 -8 -176 ) (-176 0 -176 ) (-64 0 -176 ) (-64 -8 -176 ) 
4 223 252 (-176 -272 -176 ) (-176 -8 -176 ) (-64 -8 -176 ) (-64 -272 -176 ) 
4 223 225 (-176 -272 -144 ) (-176 -272 -176 ) (-64 -272 -176 ) (-64 -272 -144 ) 
5 224 225 (-32 -800 0 ) (-64 -800 0 ) (-64 -272 0 ) (0 -272 0 ) (0 -720.941162 0 ) 
4 225 252 (-176 -800 -176 ) (-176 -272 -176 ) (0 -272 -176 ) (0 -800 -176 ) 
4 225 244 (-176 -272 -176 ) (-176 -800 -176 ) (-176 -800 -32 ) (-176 -272 -32 ) 
4 225 229 (-176 -800 -32 ) (-176 -800 0 ) (-176 -272 0 ) (-176 -272 -32 ) 
4 225 226 (-176 -800 0 ) (-176 -800 -176 ) (0 -800 -176 ) (0 -800 0 ) 
4 226 252 (-176 -1008 -176 ) (-176 -800 -176 ) (0 -800 -176 ) (0 -1008 -176 ) 
4 226 244 (-176 -800 -176 ) (-176 -1008 -176 ) (-176 -1008 -32 ) (-176 -800 -32 ) 
4 226 242 (-176 -1008 -32 ) (-176 -1008 0 ) (-176 -903.434326 0 ) (-176 -903.434326 -32 ) 
4 226 230 (-176 -903.434326 0 ) (-176 -800 0 ) (-176 -800 -32 ) (-176 -903.434326 -32 ) 
4 226 227 (-176 -1008 0 ) (-176 -1008 -176 ) (0 -1008 -176 ) (0 -1008 0 ) 
4 227 254 (0 -1024 -176 ) (0 -1024 16 ) (-176 -1024 16 ) (-176 -1024 -176 ) 
4 227 252 (0 -1024 -176 ) (-176 -1024 -176 ) (-176 -1008 -176 ) (0 -1008 -176 ) 
4 227 246 (-176 -1008 -176 ) (-176 -1024 -176 ) (-176 -1024 16 ) (-176 -1008 16 ) 
4 228 245 (-376.890747 0 -32 ) (-208 0 -32 ) (-208 -272 -32 ) (-316.407898 -272 -32 ) 
4 228 239 (-376.890625 0 -32 ) (-374 -13 -32 ) (-374 -13 0 ) (-376.890594 0 0 ) 
4 228 238 (-374 -13 16 ) (-376.890564 0 16 ) (-376.890594 0 0 ) (-374 -13 0 ) 
4 228 229 (-316.412109 -272 16 ) (-316.412109 -272 -32 ) (-208 -272 -32 ) (-208 -272 16 ) 
5 229 244 (-176 -272 -32 ) (-176 -800 -32 ) (-199 -800 -32 ) (-208 -759.525879 -32 ) (-208 -272 -32 ) 
3 229 245 (-208 -759.525879 -32 ) (-316.407898 -272 -32 ) (-208 -272 -32 ) 
4 229 230 (-199.001953 -800 0 ) (-199.001953 -800 -32 ) (-176 -800 -32 ) (-176 -800 0 ) 
3 230 244 (-176 -800 -32 ) (-176 -903.434387 -32 ) (-199 -800 -32 ) 
4 230 242 (-199 -800 -32 ) (-176 -903.433594 -32 ) (-176 -903.433594 0 ) (-199 -800 0 ) 
3 231 245 (-263.240051 -763.075684 -32 ) (-255.217270 -800 -32 ) (-256 -800 -32 ) 
4 231 242 (-256 -800 -32 ) (-255.217285 -800 -32 ) (-255.217285 -800 0 ) (-256 -800 0 ) 
4 231 237 (-255.217285 -800 16 ) (-255.217285 -800 -32 ) (-255.540573 -798.512085 -32 ) (-255.540573 -798.512085 16 ) 
4 231 236 (-263.242676 -763.060547 0 ) (-263.242676 -763.060547 -32 ) (-256 -800 -32 ) (-256 -800 0 ) 
4 232 260 (-1024 -32 0 ) (-1024 -800 0 ) (-1024 -800 16 ) (-1024 -32 16 ) 
4 232 240 (-422.012146 -800 16 ) (-1024 -800 16 ) (-1024 -800 0 ) (-422.089172 -800 0 ) 
4 232 235 (-625.854065 -42.064861 0 ) (-422.089142 -800 0 ) (-1024 -800 0 ) (-1024 -123.200623 0 ) 
4 232 234 (-628.559937 -32 0 ) (-625.854065 -42.064861 0 ) (-1024 -123.200623 0 ) (-1024 -32 0 ) 
4 232 233 (-625.855225 -42.065063 0 ) (-628.561157 -32 0 ) (-628.484131 -32 16 ) (-625.782227 -42.050217 16 ) 
3 233 234 (-625.854065 -42.064819 0 ) (-628.559937 -32 0 ) (-576.464172 -32 0 ) 
4 234 262 (-1024 0 0 ) (-1024 0 -32 ) (-1024 -123.200630 -32 ) (-1024 -123.200684 0 ) 
4 234 245 (-1024 -123.200684 -32 ) (-1024 0 -32 ) (-429.038452 0 -32 ) (-428.631287 -1.874007 -32 ) 
4 234 239 (-428.631287 -1.873962 -32 ) (-429.038452 0 -32 ) (-429.038361 0 0 ) (-428.631195 -1.873992 0 ) 
4 234 236 (-428.631195 -1.874220 -32 ) (-428.631195 -1.874219 0 ) (-576 -31.905619 0 ) (-576 -31.905617 -32 ) 
4 234 235 (-625.854004 -42.065075 0 ) (-1024 -123.200859 0 ) (-1024 -123.200867 -32 ) (-626 -42.094826 -32 ) 
4 235 262 (-1024 -123.200630 -32 ) (-1024 -800 -32 ) (-1024 -800 0 ) (-1024 -123.200684 0 ) 
4 235 245 (-1024 -800 -32 ) (-1024 -123.200684 -32 ) (-626 -42.094612 -32 ) (-422.243073 -800 -32 ) 
4 235 240 (-1024 -800 -32 ) (-422.243103 -800 -32 ) (-422.089111 -800 0 ) (-1024 -800 0 ) 
5 236 245 (-576 -31.905411 -32 ) (-428.631287 -1.874007 -32 ) (-263.240051 -763.075684 -32 ) (-256 -800 -32 ) (-352.578308 -800 -32 ) 
4 236 242 (-352.578339 -800 -32 ) (-256 -800 -32 ) (-256 -800 0 ) (-352.578308 -800 0 ) 
4 236 239 (-424 -23.189087 -32 ) (-428.631287 -1.873962 -32 ) (-428.631195 -1.873992 0 ) (-424 -23.189091 0 ) 
3 237 244 (-199 -800 -32 ) (-208 -800 -32 ) (-208 -799.763184 -32 ) 
4 237 245 (-208 -800 -32 ) (-255.217270 -800 -32 ) (-255.540558 -798.512085 -32 ) (-208 -799.763184 -32 ) 
4 237 242 (-255.217285 -800 -32 ) (-199.001953 -800 -32 ) (-199.001953 -800 0 ) (-255.217285 -800 0 ) 
4 238 239 (-412.862732 0 0 ) (-376.890625 0 0 ) (-374 -13 0 ) (-408.918488 -20.115757 0 ) 
4 239 245 (-429.038452 0 -32 ) (-376.890747 0 -32 ) (-374 -13 -32 ) (-424 -23.189148 -32 ) 
4 240 262 (-1024 -800 -32 ) (-1024 -1008 -32 ) (-1024 -1008 0 ) (-1024 -800 0 ) 
4 240 260 (-1024 -1008 0 ) (-1024 -1008 16 ) (-1024 -800 16 ) (-1024 -800 0 ) 
4 240 245 (-366.323914 -1008 -32 ) (-1024 -1008 -32 ) (-1024 -800 -32 ) (-422.243042 -800 -32 ) 
4 240 243 (-395.090912 -900.427124 0 ) (-366.170746 -1008 0 ) (-366.324707 -1008 -32 ) (-395.090881 -901 -32 ) 
4 240 241 (-395.090881 -900.140808 16 ) (-366.093750 -1008 16 ) (-366.170746 -1008 0 ) (-395.090912 -900.427124 0 ) 
4 240 246 (-366.092987 -1008 16 ) (-1024 -1008 16 ) (-1024 -1008 -32 ) (-366.323914 -1008 -32 ) 
4 241 243 (-366.168701 -1008 0 ) (-395.088715 -900.427612 0 ) (-320 -915.436279 0 ) (-320 -1008 0 ) 
4 241 246 (-320 -1008 16 ) (-366.092987 -1008 16 ) (-366.169952 -1008 0 ) (-320 -1008 0 ) 
5 242 244 (-176 -1008 -32 ) (-208 -1008 -32 ) (-208 -800 -32 ) (-199 -800 -32 ) (-176 -903.434387 -32 ) 
4 242 245 (-208 -1008 -32 ) (-292.075745 -1008 -32 ) (-352.578308 -800 -32 ) (-208 -800 -32 ) 
4 242 243 (-292.077454 -1008 0 ) (-318.940613 -915.648010 0 ) (-318.763733 -916.256104 -32 ) (-292.077454 -1008 -32 ) 
4 242 246 (-176 -1008 -32 ) (-176 -1008 0 ) (-292.075745 -1008 0 ) (-292.075745 -1008 -32 ) 
4 243 245 (-292.075745 -1008 -32 ) (-366.323914 -1008 -32 ) (-395.089996 -901 -32 ) (-318.761902 -916.256470 -32 ) 
4 243 246 (-292.075745 -1008 0 ) (-366.169952 -1008 0 ) (-366.323914 -1008 -32 ) (-292.075745 -1008 -32 ) 
4 244 252 (-176 -272 -176 ) (-176 -1008 -176 ) (-208 -1008 -176 ) (-208 -272 -176 ) 
4 244 245 (-208 -272 -176 ) (-208 -1008 -176 ) (-208 -1008 -32 ) (-208 -272 -32 ) 
4 244 246 (-208 -1008 -176 ) (-176 -1008 -176 ) (-176 -1008 -32 ) (-208 -1008 -32 ) 
4 245 262 (-1024 0 -32 ) (-1024 0 -176 ) (-1024 -1008 -176 ) (-1024 -1008 -32 ) 
4 245 251 (-1024 -8 -176 ) (-1024 0 -176 ) (-208 0 -176 ) (-208 -8 -176 ) 
4 245 252 (-1024 -1008 -176 ) (-1024 -8 -176 ) (-208 -8 -176 ) (-208 -1008 -176 ) 
4 245 246 (-1024 -1008 -176 ) (-208 -1008 -176 ) (-208 -1008 -32 ) (-1024 -1008 -32 ) 
4 246 262 (-1024 -1008 -176 ) (-1024 -1024 -176 ) (-1024 -1024 0 ) (-1024 -1008 0 ) 
4 246 260 (-1024 -1024 0 ) (-1024 -1024 16 ) (-1024 -1008 16 ) (-1024 -1008 0 ) 
4 246 254 (-176 -1024 16 ) (-1024 -1024 16 ) (-1024 -1024 -176 ) (-176 -1024 -176 ) 
4 246 252 (-176 -1024 -176 ) (-1024 -1024 -176 ) (-1024 -1008 -176 ) (-176 -1008 -176 ) 
4 247 248 (-40 0 -234.528000 ) (-40 -8 -234.528000 ) (-40 -8 -192 ) (-40 0 -192 ) 
4 247 252 (-40 -8 -234.528000 ) (0 -8 -234.528000 ) (0 -8 -176 ) (-40 -8 -176 ) 
4 248 252 (-64 -8 -234.528000 ) (-40 -8 -234.528000 ) (-40 -8 -192 ) (-64 -8 -192 ) 
4 248 249 (-64 0 -234.528000 ) (-64 -8 -234.528000 ) (-64 -8 -192 ) (-64 0 -192 ) 
4 249 250 (-176 0 -234.528000 ) (-176 -8 -234.528000 ) (-176 -8 -184 ) (-176 0 -184 ) 
4 249 252 (-176 -8 -234.528000 ) (-64 -8 -234.528000 ) (-64 -8 -176 ) (-176 -8 -176 ) 
4 250 251 (-200 0 -234.528000 ) (-200 -8 -234.528000 ) (-200 -8 -184 ) (-200 0 -184 ) 
4 250 252 (-200 -8 -234.528000 ) (-176 -8 -234.528000 ) (-176 -8 -184 ) (-200 -8 -184 ) 
4 251 262 (-1024 0 -176 ) (-1024 0 -234.528000 ) (-1024 -8 -234.528000 ) (-1024 -8 -176 ) 
4 251 252 (-1024 -8 -234.528000 ) (-200 -8 -234.528000 ) (-200 -8 -176 ) (-1024 -8 -176 ) 
4 252 262 (-1024 -8 -234.528000 ) (-1024 -1024 -234.528000 ) (-1024 -1024 -176 ) (-1024 -8 -176 ) 
4 252 254 (0 -1024 -234.528000 ) (0 -1024 -176 ) (-1024 -1024 -176 ) (-1024 -1024 -234.528000 ) 
4 253 254 (0 -1024 1039.530029 ) (0 -1024 -234.528000 ) (0 -1443.610107 -234.528000 ) (0 -1443.610107 1039.530029 ) 
4 254 264 (-1024 -1443.610107 1039.530029 ) (-1024 -1024 1039.530029 ) (-1024 -1024 -234.528000 ) (-1024 -1443.610107 -234.528000 ) 
4 255 264 (-1024 -1024 192 ) (-1024 -1024 1039.530029 ) (-2048 -1024 1039.530029 ) (-2048 -1024 192 ) 
4 255 263 (-2048 0 1039.530029 ) (-2048 0 192 ) (-2048 -1024 192 ) (-2048 -1024 1039.530029 ) 
4 255 258 (-1376 -48 192 ) (-1376 -1024 192 ) (-1392 -1024 192 ) (-1392 -48 192 ) 
4 255 259 (-2048 -1024 192 ) (-2048 0 192 ) (-1392 0 192 ) (-1392 -1024 192 ) 
4 255 256 (-1376 0 192 ) (-1024 0 192 ) (-1024 -32 192 ) (-1376 -32 192 ) 
4 255 257 (-1024 -48 192 ) (-1024 -1024 192 ) (-1376 -1024 192 ) (-1376 -48 192 ) 
4 257 264 (-1024 -1024 16 ) (-1024 -1024 192 ) (-1376 -1024 192 ) (-1376 -1024 16 ) 
4 257 260 (-1024 -1024 16 ) (-1376 -1024 16 ) (-1376 -48 16 ) (-1024 -48 16 ) 
4 257 258 (-1376 -48 16 ) (-1376 -1024 16 ) (-1376 -1024 192 ) (-1376 -48 192 ) 
4 258 264 (-1376 -1024 192 ) (-1392 -1024 192 ) (-1392 -1024 16 ) (-1376 -1024 16 ) 
4 258 261 (-1376 -1024 16 ) (-1392 -1024 16 ) (-1392 -48 16 ) (-1376 -48 16 ) 
4 258 259 (-1392 -48 16 ) (-1392 -1024 16 ) (-1392 -1024 192 ) (-1392 -48 192 ) 
4 259 264 (-1392 -1024 192 ) (-2048 -1024 192 ) (-2048 -1024 16 ) (-1392 -1024 16 ) 
4 259 263 (-2048 0 192 ) (-2048 0 16 ) (-2048 -1024 16 ) (-2048 -1024 192 ) 
4 259 261 (-1392 -1024 16 ) (-2048 -1024 16 ) (-2048 0 16 ) (-1392 0 16 ) 
4 260 264 (-1024 -1024 0 ) (-1024 -1024 16 ) (-1376 -1024 16 ) (-1376 -1024 0 ) 
4 260 262 (-1024 -32 0 ) (-1024 -1024 0 ) (-1376 -1024 0 ) (-1376 -32 0 ) 
4 260 261 (-1376 -32 0 ) (-1376 -1024 0 ) (-1376 -1024 16 ) (-1376 -32 16 ) 
4 261 264 (-1376 -1024 16 ) (-2048 -1024 16 ) (-2048 -1024 0 ) (-1376 -1024 0 ) 
4 261 263 (-2048 0 16 ) (-2048 0 0 ) (-2048 -1024 0 ) (-2048 -1024 16 ) 
4 261 262 (-2048 -1024 0 ) (-2048 0 0 ) (-1376 0 0 ) (-1376 -1024 0 ) 
4 262 264 (-1024 -1024 -234.528000 ) (-1024 -1024 0 ) (-2048 -1024 0 ) (-2048 -1024 -234.528000 ) 
4 262 263 (-2048 0 0 ) (-2048 0 -234.528000 ) (-2048 -1024 -234.528000 ) (-2048 -1024 0 ) 
4 263 265 (-2048 -1024 -234.528000 ) (-2048 -1024 1039.530029 ) (-2193.390137 -1024 1039.530029 ) (-2193.390137 -1024 -234.528000 ) 
4 264 265 (-2048 -1024 1039.530029 ) (-2048 -1024 -234.528000 ) (-2048 -1443.610107 -234.528000 ) (-2048 -1443.610107 1039.530029 ) 
